#
# A fatal error has been detected by the Java Runtime Environment:
#
#  SIGILL (0x4) at pc=0x00000600c1f44be6, pid=1326, tid=26115
#
# JRE version: OpenJDK Runtime Environment Temurin-17.0.7+7 (17.0.7+7) (build 17.0.7+7)
# Java VM: OpenJDK 64-Bit Server VM Temurin-17.0.7+7 (17.0.7+7, mixed mode, tiered, compressed oops, compressed class ptrs, parallel gc, bsd-amd64)
# Problematic frame:
# v  ~StubRoutines::iota_indices
#
# No core dump will be written. Core dumps have been disabled. To enable core dumping, try "ulimit -c unlimited" before starting Java again
#
# If you would like to submit a bug report, please visit:
#   https://github.com/adoptium/adoptium-support/issues
#

---------------  S U M M A R Y ------------

Command Line: --add-modules=ALL-SYSTEM --add-opens=java.base/java.util=ALL-UNNAMED --add-opens=java.base/java.lang=ALL-UNNAMED --add-opens=java.base/sun.nio.fs=ALL-UNNAMED -Declipse.application=org.eclipse.jdt.ls.core.id1 -Dosgi.bundles.defaultStartLevel=4 -Declipse.product=org.eclipse.jdt.ls.core.product -Djava.import.generatesMetadataFilesAtProjectRoot=false -Dfile.encoding=utf8 -XX:+UseParallelGC -XX:GCTimeRatio=4 -XX:AdaptiveSizePolicyWeight=90 -Dsun.zip.disableMemoryMapping=true -Xmx1G -Xms100m -Xlog:disable -javaagent:/Users/raimundobotelho/.vscode/extensions/redhat.java-1.18.0-darwin-x64/lombok/lombok-1.18.27.jar -XX:+HeapDumpOnOutOfMemoryError -XX:HeapDumpPath=/Users/raimundobotelho/Library/Application Support/Code/User/workspaceStorage/b8865dfd7fa0c66fd136eea970457973/redhat.java -Daether.dependencyCollector.impl=bf /Users/raimundobotelho/.vscode/extensions/redhat.java-1.18.0-darwin-x64/server/plugins/org.eclipse.equinox.launcher_1.6.400.v20210924-0641.jar -configuration /Users/raimundobotelho/Library/Application Support/Code/User/globalStorage/redhat.java/1.18.0/config_mac -data /Users/raimundobotelho/Library/Application Support/Code/User/workspaceStorage/b8865dfd7fa0c66fd136eea970457973/redhat.java/jdt_ws

Host: "MacBookPro8,1" x86_64 2800 MHz, 4 cores, 16G, Darwin 17.7.0, macOS 10.13.6 (17G14042)
Time: Sat May 20 18:46:08 2023 -03 elapsed time: 16.891322 seconds (0d 0h 0m 16s)

---------------  T H R E A D  ---------------

Current thread (0x00007fd0d7918600):  JavaThread "Start Level: Equinox Container: fea0fcb3-754f-4338-a912-aa496c96d89b" daemon [_thread_in_Java, id=26115, stack(0x000070000dbb0000,0x000070000dcb0000)]

Stack: [0x000070000dbb0000,0x000070000dcb0000],  sp=0x000070000dcaec18,  free space=1019k
Native frames: (J=compiled Java code, j=interpreted, Vv=VM code, C=native code)
v  ~StubRoutines::iota_indices
j  org.eclipse.text.templates.TemplateReaderWriter.save([Lorg/eclipse/text/templates/TemplatePersistenceData;Ljavax/xml/transform/stream/StreamResult;)V+131
j  org.eclipse.text.templates.TemplateReaderWriter.save([Lorg/eclipse/text/templates/TemplatePersistenceData;Ljava/io/Writer;)V+10
j  org.eclipse.jdt.ls.core.internal.preferences.PreferenceManager.reloadTemplateStore()V+84
j  org.eclipse.jdt.ls.core.internal.preferences.PreferenceManager.initialize()V+548
j  org.eclipse.jdt.ls.core.internal.preferences.PreferenceManager.<init>()V+40
j  org.eclipse.jdt.ls.core.internal.preferences.StandardPreferenceManager.<init>()V+1
j  org.eclipse.jdt.ls.core.internal.JavaLanguageServerPlugin.start(Lorg/osgi/framework/BundleContext;)V+61
j  org.eclipse.osgi.internal.framework.BundleContextImpl$2.run()Ljava/lang/Void;+23
j  org.eclipse.osgi.internal.framework.BundleContextImpl$2.run()Ljava/lang/Object;+1
J 1154 c1 java.security.AccessController.executePrivileged(Ljava/security/PrivilegedExceptionAction;Ljava/security/AccessControlContext;Ljava/lang/Class;)Ljava/lang/Object; java.base@17.0.7 (65 bytes) @ 0x00000600babc183c [0x00000600babc16e0+0x000000000000015c]
j  java.security.AccessController.doPrivileged(Ljava/security/PrivilegedExceptionAction;)Ljava/lang/Object;+9 java.base@17.0.7
j  org.eclipse.osgi.internal.framework.BundleContextImpl.startActivator(Lorg/osgi/framework/BundleActivator;)V+9
j  org.eclipse.osgi.internal.framework.BundleContextImpl.start()V+134
j  org.eclipse.osgi.internal.framework.EquinoxBundle.startWorker0()V+35
j  org.eclipse.osgi.internal.framework.EquinoxBundle$EquinoxModule.startWorker()V+4
j  org.eclipse.osgi.container.Module.doStart([Lorg/eclipse/osgi/container/Module$StartOptions;)Lorg/eclipse/osgi/container/ModuleContainerAdaptor$ModuleEvent;+190
j  org.eclipse.osgi.container.Module.start([Lorg/eclipse/osgi/container/Module$StartOptions;)V+460
j  org.eclipse.osgi.container.ModuleContainer$ContainerStartLevel$2.run()V+71
j  org.eclipse.osgi.internal.framework.EquinoxContainerAdaptor$1$1.execute(Ljava/lang/Runnable;)V+1
j  org.eclipse.osgi.container.ModuleContainer$ContainerStartLevel.incStartLevel(ILjava/util/List;Z)V+192
j  org.eclipse.osgi.container.ModuleContainer$ContainerStartLevel.incStartLevel(ILjava/util/List;Ljava/util/List;Ljava/util/List;Ljava/util/List;)V+19
j  org.eclipse.osgi.container.ModuleContainer$ContainerStartLevel.doContainerStartLevel(Lorg/eclipse/osgi/container/Module;I[Lorg/osgi/framework/FrameworkListener;)V+349
j  org.eclipse.osgi.container.ModuleContainer$ContainerStartLevel.dispatchEvent(Lorg/eclipse/osgi/container/Module;[Lorg/osgi/framework/FrameworkListener;ILjava/lang/Integer;)V+32
j  org.eclipse.osgi.container.ModuleContainer$ContainerStartLevel.dispatchEvent(Ljava/lang/Object;Ljava/lang/Object;ILjava/lang/Object;)V+15
j  org.eclipse.osgi.framework.eventmgr.EventManager.dispatchEvent(Ljava/util/Set;Lorg/eclipse/osgi/framework/eventmgr/EventDispatcher;ILjava/lang/Object;)V+48
j  org.eclipse.osgi.framework.eventmgr.EventManager$EventThread.run()V+26
v  ~StubRoutines::call_stub
V  [libjvm.dylib+0x51fe16]  JavaCalls::call_helper(JavaValue*, methodHandle const&, JavaCallArguments*, JavaThread*)+0x2b6
V  [libjvm.dylib+0x51ee77]  JavaCalls::call_virtual(JavaValue*, Klass*, Symbol*, Symbol*, JavaCallArguments*, JavaThread*)+0x147
V  [libjvm.dylib+0x51ef43]  JavaCalls::call_virtual(JavaValue*, Handle, Klass*, Symbol*, Symbol*, JavaThread*)+0x63
V  [libjvm.dylib+0x5c9e04]  thread_entry(JavaThread*, JavaThread*)+0xb4
V  [libjvm.dylib+0xaab2ef]  JavaThread::thread_main_inner()+0x14f
V  [libjvm.dylib+0xaa965f]  Thread::call_run()+0xcf
V  [libjvm.dylib+0x8b23cb]  thread_native_entry(Thread*)+0x14b
C  [libsystem_pthread.dylib+0x3661]  _pthread_body+0x154
C  [libsystem_pthread.dylib+0x350d]  _pthread_body+0x0
C  [libsystem_pthread.dylib+0x2bf9]  thread_start+0xd


siginfo: si_signo: 4 (SIGILL), si_code: 1 (ILL_ILLOPC), si_addr: 0x00000600c1f44be6

Register to memory mapping:

RAX=0x00000007eac287d6 points into unknown readable memory: 56 fd
RBX=0x00000007eac28768 is an oop: [Ljava.lang.Object; 
{0x00000007eac28768} - klass: 'java/lang/Object'[]
 - length: 10
RCX=0x00000007eac28768 is an oop: [Ljava.lang.Object; 
{0x00000007eac28768} - klass: 'java/lang/Object'[]
 - length: 10
RDX=0x0 is NULL
RSP=0x000070000dcaec18 is pointing into the stack for thread: 0x00007fd0d7918600
RBP=0x000070000dcaed28 is pointing into the stack for thread: 0x00007fd0d7918600
RSI=0x00000007eac2877c points into unknown readable memory: 00 00 00 00
RDI=0x00000007eac28778 points into unknown readable memory: 0x0000000000000000 | 00 00 00 00 00 00 00 00
R8 =0x0000000000000001 is an unknown value
R9 =0x0 is NULL
R10=4250423533 is a compressed pointer to object: [Ljava.lang.Object; 
{0x00000007eac28768} - klass: 'java/lang/Object'[]
 - length: 10
R11=0x0 is NULL
R12=0x0 is NULL
R13=0x000070000dcaecc8 is pointing into the stack for thread: 0x00007fd0d7918600
R14=0x0000000800053c90 is a pointer to class: 
java.util.ArrayList {0x0000000800053c90}
 - instance size:     3
 - klass size:        165
 - access:            public synchronized 
 - state:             fully_initialized
 - name:              'java/util/ArrayList'
 - super:             'java/util/AbstractList'
 - sub:               'org/apache/maven/artifact/versioning/ComparableVersion$ListItem'   
 - arrays:            'java/util/ArrayList'[]
 - methods:           Array<T>(0x000000010e0d4e18)
 - method ordering:   Array<T>(0x000000010e000018)
 - default_methods:   Array<T>(0x000000010e0da630)
 - default vtable indices:   Array<T>(0x000000010e0da650)
 - local interfaces:  Array<T>(0x000000010e0d16a0)
 - trans. interfaces: Array<T>(0x000000010e0da5f8)
 - constants:         constant pool [415] {0x000000010e0d0820} for 'java/util/ArrayList' cache=0x000000010e221d28
 - class loader data:  loader data: 0x00007fd0d760f300 of 'bootstrap'
 - class annotations:       Array<T>(0x0000000000000000)
 - class type annotations:  Array<T>(0x0000000000000000)
 - field annotations:       Array<T>(0x0000000000000000)
 - field type annotations:  Array<T>(0x0000000000000000)
 - generic signature: '<E:Ljava/lang/Object;>Ljava/util/AbstractList<TE;>;Ljava/util/List<TE;>;Ljava/util/RandomAccess;Ljava/lang/Cloneable;Ljava/io/Serializable;'
 - inner classes:     Array<T>(0x000000010e0d7ca0)
 - nest members:     Array<T>(0x000000010e0d7ce0)
 - permitted subclasses:     Array<T>(0x000000010e000028)
 - java mirror:       a 'java/lang/Class'{0x00000007c014eda8} = 'java/util/ArrayList'
 - vtable length      47  (start addr: 0x0000000800053e60)
 - itable length      59 (start addr: 0x0000000800053fd8)
 - ---- static fields (3 words):
 - private static final 'serialVersionUID' 'J' @120 
 - private static final 'DEFAULT_CAPACITY' 'I' @128 
 - private static final 'EMPTY_ELEMENTDATA' '[Ljava/lang/Object;' @112 
 - private static final 'DEFAULTCAPACITY_EMPTY_ELEMENTDATA' '[Ljava/lang/Object;' @116 
 - ---- non-static fields (3 words):
 - protected transient 'modCount' 'I' @12 
 - private 'size' 'I' @16 
 - transient 'elementData' '[Ljava/lang/Object;' @20 
 - non-static oop maps: 20-20 
R15=0x00007fd0d7918600 is a thread


Registers:
RAX=0x00000007eac287d6, RBX=0x00000007eac28768, RCX=0x00000007eac28768, RDX=0x0000000000000000
RSP=0x000070000dcaec18, RBP=0x000070000dcaed28, RSI=0x00000007eac2877c, RDI=0x00000007eac28778
R8 =0x0000000000000001, R9 =0x0000000000000000, R10=0x00000000fd5850ed, R11=0x0000000000000000
R12=0x0000000000000000, R13=0x000070000dcaecc8, R14=0x0000000800053c90, R15=0x00007fd0d7918600
RIP=0x00000600c1f44be6, EFLAGS=0x0000000000010282, ERR=0x0000000000000000
  TRAPNO=0x0000000000000006

Top of Stack: (sp=0x000070000dcaec18)
0x000070000dcaec18:   00000600baece622 000070000dcaec20
0x000070000dcaec28:   000000010f5c5a58 000070000dcaec78
0x000070000dcaec38:   000000010f5c65e8 0000000000000000
0x000070000dcaec48:   00000000ffffffff 000070000dcaec50
0x000070000dcaec58:   000000010f5e4a78 000070000dcaecd8
0x000070000dcaec68:   000000010f5e52c0 0000000000000000
0x000070000dcaec78:   00000007c07f73d0 0000000000000000
0x000070000dcaec88:   00000007eac284b0 00000007eac28750
0x000070000dcaec98:   00000007eac28768 00000600c1f16317
0x000070000dcaeca8:   0000000000000000 000070000dcaed28
0x000070000dcaecb8:   00000600c1f1688f 00000600c1f1688f
0x000070000dcaecc8:   00000007eac284b0 0000000000000000
0x000070000dcaecd8:   00000007eac28750 000070000dcaece0
0x000070000dcaece8:   000000010f5e1be5 000070000dcaed60
0x000070000dcaecf8:   000000010f5e5838 0000000000000000
0x000070000dcaed08:   00000007c07f7450 000000010f5e1c10
0x000070000dcaed18:   000070000dcaecc8 000070000dcaed58
0x000070000dcaed28:   000070000dcaedb0 00000600c1f166a2
0x000070000dcaed38:   0000000000000000 0000000000000000
0x000070000dcaed48:   00000007eac284b0 0000000000000001
0x000070000dcaed58:   00000007eac284b0 00000007eac28498
0x000070000dcaed68:   000070000dcaed68 000000010fe52c1b
0x000070000dcaed78:   000070000dcaee48 000000010fe58000
0x000070000dcaed88:   0000000000000000 00000007eabb2c28
0x000070000dcaed98:   000000010fe52f20 000070000dcaed58
0x000070000dcaeda8:   000070000dcaee38 000070000dcaee98
0x000070000dcaedb8:   00000600c1f1642b 0000000000000000
0x000070000dcaedc8:   0000000000000000 00000007eac284b0
0x000070000dcaedd8:   00000007c085cea0 00000007eac28498
0x000070000dcaede8:   00000007eac28468 00000007eab9a250
0x000070000dcaedf8:   00000007eaba5248 0000000000000010
0x000070000dcaee08:   0000000000000000 00000007eaba4618 

Instructions: (pc=0x00000600c1f44be6)
0x00000600c1f44ae6:   02 03 00 01 02 03 00 01 02 03 00 01 02 03 00 01
0x00000600c1f44af6:   02 03 00 01 02 03 00 01 02 03 70 70 70 70 70 70
0x00000600c1f44b06:   70 70 70 70 70 70 70 70 70 70 f0 f0 f0 f0 f0 f0
0x00000600c1f44b16:   f0 f0 f0 f0 f0 f0 f0 f0 f0 f0 00 01 00 01 00 01
0x00000600c1f44b26:   00 01 00 01 00 01 00 01 00 01 00 01 00 01 00 01
0x00000600c1f44b36:   00 01 00 01 00 01 00 01 00 01 00 01 00 01 00 01
0x00000600c1f44b46:   00 01 00 01 00 01 00 01 00 01 00 01 00 01 00 01
0x00000600c1f44b56:   00 01 00 01 00 01 00 01 00 01 00 00 00 00 01 00
0x00000600c1f44b66:   00 00 00 00 00 00 01 00 00 00 00 00 00 00 01 00
0x00000600c1f44b76:   00 00 00 00 00 00 01 00 00 00 00 00 00 00 01 00
0x00000600c1f44b86:   00 00 00 00 00 00 01 00 00 00 00 00 00 00 01 00
0x00000600c1f44b96:   00 00 00 00 00 00 01 00 00 00 00 00 00 00 00 00
0x00000600c1f44ba6:   00 80 00 00 00 00 00 00 00 80 00 00 00 00 00 00
0x00000600c1f44bb6:   00 80 00 00 00 00 00 00 00 80 00 00 00 00 00 00
0x00000600c1f44bc6:   00 80 00 00 00 00 00 00 00 80 00 00 00 00 00 00
0x00000600c1f44bd6:   00 80 00 00 00 00 00 00 00 80 00 01 02 03 04 05
0x00000600c1f44be6:   06 07 08 09 0a 0b 0c 0d 0e 0f 10 11 12 13 14 15
0x00000600c1f44bf6:   16 17 18 19 1a 1b 1c 1d 1e 1f 20 21 22 23 24 25
0x00000600c1f44c06:   26 27 28 29 2a 2b 2c 2d 2e 2f 30 31 32 33 34 35
0x00000600c1f44c16:   36 37 38 39 3a 3b 3c 3d 3e 3f 55 48 8b ec 0f ae
0x00000600c1f44c26:   3f c9 c3 66 66 66 0f 1f 84 00 00 00 00 00 66 66
0x00000600c1f44c36:   66 90 0f 1f 84 00 00 00 00 00 55 48 8b ec 83 ff
0x00000600c1f44c46:   00 0f 85 00 00 00 00 c9 c3 66 66 66 0f 1f 84 00
0x00000600c1f44c56:   00 00 00 00 66 66 66 90 66 90 55 48 8b ec 48 8b
0x00000600c1f44c66:   ca 48 c1 ea 03 48 8d 7c d7 f8 48 8d 74 d6 f8 48
0x00000600c1f44c76:   f7 da e9 83 00 00 00 48 8b 44 d7 08 48 89 44 d6
0x00000600c1f44c86:   08 48 ff c2 75 f1 f7 c1 04 00 00 00 74 0e 8b 47
0x00000600c1f44c96:   08 89 46 08 48 83 c7 04 48 83 c6 04 f7 c1 02 00
0x00000600c1f44ca6:   00 00 74 10 66 8b 47 08 66 89 46 08 48 83 c7 02
0x00000600c1f44cb6:   48 83 c6 02 f7 c1 01 00 00 00 74 06 8a 47 08 88
0x00000600c1f44cc6:   46 08 48 33 c0 c5 f8 77 c9 c3 c5 fa 6f 44 d7 c8
0x00000600c1f44cd6:   c5 fa 7f 44 d6 c8 c5 fa 6f 4c d7 d8 c5 fa 7f 4c 


Stack slot to memory mapping:
stack at sp + 0 slots: 0x00000600baece622 is at entry_point+642 in (nmethod*)0x00000600baece190
stack at sp + 1 slots: 0x000070000dcaec20 is pointing into the stack for thread: 0x00007fd0d7918600
stack at sp + 2 slots: 0x000000010f5c5a58 is pointing into metadata
stack at sp + 3 slots: 0x000070000dcaec78 is pointing into the stack for thread: 0x00007fd0d7918600
stack at sp + 4 slots: 0x000000010f5c65e8 is pointing into metadata
stack at sp + 5 slots: 0x0 is NULL
stack at sp + 6 slots: 0x00000000ffffffff is an unknown value
stack at sp + 7 slots: 0x000070000dcaec50 is pointing into the stack for thread: 0x00007fd0d7918600

StubRoutines::iota_indices [0x00000600c1f44be0, 0x00000600c1f44c20] (64 bytes)
[MachCode]
  0x00000600c1f44be0: 0001 0203 | 0405 0607 | 0809 0a0b | 0c0d 0e0f | 1011 1213 | 1415 1617 | 1819 1a1b | 1c1d 1e1f 
  0x00000600c1f44c00: 2021 2223 | 2425 2627 | 2829 2a2b | 2c2d 2e2f | 3031 3233 | 3435 3637 | 3839 3a3b | 3c3d 3e3f 
[/MachCode]

---------------  P R O C E S S  ---------------

Threads class SMR info:
_java_thread_list=0x00007fd0d9bbb240, length=24, elements={
0x00007fd0d8811400, 0x00007fd0d882aa00, 0x00007fd0d9000000, 0x00007fd0d8010000,
0x00007fd0d780b800, 0x00007fd0d7803200, 0x00007fd0d780e000, 0x00007fd0d7810e00,
0x00007fd0d7811400, 0x00007fd0d78a3800, 0x00007fd0d9001400, 0x00007fd0d88bf800,
0x00007fd0d8060400, 0x00007fd0d9007e00, 0x00007fd0d7918600, 0x00007fd0d9008400,
0x00007fd0d9007800, 0x00007fd0d7958a00, 0x00007fd0d7915000, 0x00007fd0d8258e00,
0x00007fd0d93cd200, 0x00007fd0d8917c00, 0x00007fd0d7cd2000, 0x00007fd0d7dbe200
}

Java Threads: ( => current thread )
  0x00007fd0d8811400 JavaThread "main" [_thread_blocked, id=8707, stack(0x0000000108237000,0x0000000108337000)]
  0x00007fd0d882aa00 JavaThread "Reference Handler" daemon [_thread_blocked, id=13571, stack(0x000070000ca56000,0x000070000cb56000)]
  0x00007fd0d9000000 JavaThread "Finalizer" daemon [_thread_blocked, id=17155, stack(0x000070000cb59000,0x000070000cc59000)]
  0x00007fd0d8010000 JavaThread "Signal Dispatcher" daemon [_thread_blocked, id=13839, stack(0x000070000cc5c000,0x000070000cd5c000)]
  0x00007fd0d780b800 JavaThread "Service Thread" daemon [_thread_blocked, id=15627, stack(0x000070000cd5f000,0x000070000ce5f000)]
  0x00007fd0d7803200 JavaThread "Monitor Deflation Thread" daemon [_thread_blocked, id=43267, stack(0x000070000ce62000,0x000070000cf62000)]
  0x00007fd0d780e000 JavaThread "C2 CompilerThread0" daemon [_thread_in_native, id=22019, stack(0x000070000cf65000,0x000070000d065000)]
  0x00007fd0d7810e00 JavaThread "C1 CompilerThread0" daemon [_thread_blocked, id=22275, stack(0x000070000d068000,0x000070000d168000)]
  0x00007fd0d7811400 JavaThread "Sweeper thread" daemon [_thread_blocked, id=22787, stack(0x000070000d16b000,0x000070000d26b000)]
  0x00007fd0d78a3800 JavaThread "Common-Cleaner" daemon [_thread_blocked, id=23299, stack(0x000070000d26e000,0x000070000d36e000)]
  0x00007fd0d9001400 JavaThread "Notification Thread" daemon [_thread_blocked, id=23555, stack(0x000070000d371000,0x000070000d471000)]
  0x00007fd0d88bf800 JavaThread "process reaper" daemon [_thread_blocked, id=24579, stack(0x000070000d67a000,0x000070000d69e000)]
  0x00007fd0d8060400 JavaThread "Active Thread: Equinox Container: fea0fcb3-754f-4338-a912-aa496c96d89b" [_thread_blocked, id=4103, stack(0x000070000d577000,0x000070000d677000)]
  0x00007fd0d9007e00 JavaThread "Framework Event Dispatcher: Equinox Container: fea0fcb3-754f-4338-a912-aa496c96d89b" daemon [_thread_blocked, id=40963, stack(0x000070000daad000,0x000070000dbad000)]
=>0x00007fd0d7918600 JavaThread "Start Level: Equinox Container: fea0fcb3-754f-4338-a912-aa496c96d89b" daemon [_thread_in_Java, id=26115, stack(0x000070000dbb0000,0x000070000dcb0000)]
  0x00007fd0d9008400 JavaThread "SCR Component Actor" daemon [_thread_blocked, id=26887, stack(0x000070000dcb3000,0x000070000ddb3000)]
  0x00007fd0d9007800 JavaThread "SCR Component Registry" daemon [_thread_blocked, id=24079, stack(0x000070000d9aa000,0x000070000daaa000)]
  0x00007fd0d7958a00 JavaThread "Worker-JM" [_thread_blocked, id=85259, stack(0x000070000ddb6000,0x000070000deb6000)]
  0x00007fd0d7915000 JavaThread "Worker-0" [_thread_blocked, id=44803, stack(0x000070000deb9000,0x000070000dfb9000)]
  0x00007fd0d8258e00 JavaThread "Worker-1: Repository registry initialization" [_thread_in_Java, id=84995, stack(0x000070000dfbc000,0x000070000e0bc000)]
  0x00007fd0d93cd200 JavaThread "Worker-2" [_thread_blocked, id=45575, stack(0x000070000e1c2000,0x000070000e2c2000)]
  0x00007fd0d8917c00 JavaThread "C2 CompilerThread1" daemon [_thread_in_native, id=40211, stack(0x000070000e0bf000,0x000070000e1bf000)]
  0x00007fd0d7cd2000 JavaThread "Java indexing" daemon [_thread_blocked, id=84739, stack(0x000070000e2c5000,0x000070000e3c5000)]
  0x00007fd0d7dbe200 JavaThread "Worker-3" [_thread_blocked, id=84483, stack(0x000070000e3c8000,0x000070000e4c8000)]

Other Threads:
  0x00007fd0d7522a40 VMThread "VM Thread" [stack: 0x000070000c953000,0x000070000ca53000] [id=17923]
  0x00007fd0d764f580 WatcherThread [stack: 0x000070000d474000,0x000070000d574000] [id=42243]
  0x00007fd0d7409550 GCTaskThread "GC Thread#0" [stack: 0x000070000c850000,0x000070000c950000] [id=12035]
  0x00007fd0d7465d50 GCTaskThread "GC Thread#1" [stack: 0x000070000d6a1000,0x000070000d7a1000] [id=25091]
  0x00007fd0d759a030 GCTaskThread "GC Thread#2" [stack: 0x000070000d7a4000,0x000070000d8a4000] [id=41731]
  0x00007fd0d7466460 GCTaskThread "GC Thread#3" [stack: 0x000070000d8a7000,0x000070000d9a7000] [id=41219]

Threads with active compile tasks:
C2 CompilerThread0    17279 2747   !   4       org.eclipse.osgi.internal.loader.classpath.ClasspathManager::findClassImpl (308 bytes)
C2 CompilerThread1    17279 2946       4       java.io.InputStreamReader::read (11 bytes)

VM state: not at safepoint (normal execution)

VM Mutex/Monitor currently owned by a thread: None

Heap address: 0x00000007c0000000, size: 1024 MB, Compressed Oops mode: Zero based, Oop shift amount: 3

CDS archive(s) not mapped
Compressed class space mapped at: 0x0000000800000000-0x0000000840000000, reserved size: 1073741824
Narrow klass base: 0x0000000800000000, Narrow klass shift: 0, Narrow klass range: 0x40000000

GC Precious Log:
 CPUs: 4 total, 4 available
 Memory: 16384M
 Large Page Support: Disabled
 NUMA Support: Disabled
 Compressed Oops: Enabled (Zero based)
 Alignments: Space 512K, Generation 512K, Heap 2M
 Heap Min Capacity: 100M
 Heap Initial Capacity: 100M
 Heap Max Capacity: 1G
 Pre-touch: Disabled
 Parallel Workers: 4

Heap:
 PSYoungGen      total 26624K, used 9860K [0x00000007eab00000, 0x00000007ecb00000, 0x0000000800000000)
  eden space 23552K, 28% used [0x00000007eab00000,0x00000007eb1a7a30,0x00000007ec200000)
  from space 3072K, 99% used [0x00000007ec680000,0x00000007ec979660,0x00000007ec980000)
  to   space 4608K, 0% used [0x00000007ec200000,0x00000007ec200000,0x00000007ec680000)
 ParOldGen       total 68608K, used 8826K [0x00000007c0000000, 0x00000007c4300000, 0x00000007eab00000)
  object space 68608K, 12% used [0x00000007c0000000,0x00000007c089eb38,0x00000007c4300000)
 Metaspace       used 34072K, committed 34816K, reserved 1114112K
  class space    used 3563K, committed 3904K, reserved 1048576K

Card table byte_map: [0x000000010b0de000,0x000000010b2df000] _byte_map_base: 0x00000001072de000

Marking Bits: (ParMarkBitMap*) 0x0000000107d83510
 Begin Bits: [0x000000010b435000, 0x000000010c435000)
 End Bits:   [0x000000010c435000, 0x000000010d435000)

Polling page: 0x0000000106718000

Metaspace:

Usage:
  Non-class:     29.79 MB used.
      Class:      3.48 MB used.
       Both:     33.27 MB used.

Virtual space:
  Non-class space:       64.00 MB reserved,      30.19 MB ( 47%) committed,  1 nodes.
      Class space:        1.00 GB reserved,       3.81 MB ( <1%) committed,  1 nodes.
             Both:        1.06 GB reserved,      34.00 MB (  3%) committed. 

Chunk freelists:
   Non-Class:  1.52 MB
       Class:  12.20 MB
        Both:  13.72 MB

MaxMetaspaceSize: unlimited
CompressedClassSpaceSize: 1.00 GB
Initial GC threshold: 21.00 MB
Current GC threshold: 35.00 MB
CDS: off
MetaspaceReclaimPolicy: balanced
 - commit_granule_bytes: 65536.
 - commit_granule_words: 8192.
 - virtual_space_node_default_size: 8388608.
 - enlarge_chunks_in_place: 1.
 - new_chunks_are_fully_committed: 0.
 - uncommit_free_chunks: 1.
 - use_allocation_guard: 0.
 - handle_deallocations: 1.


Internal statistics:

num_allocs_failed_limit: 3.
num_arena_births: 496.
num_arena_deaths: 14.
num_vsnodes_births: 2.
num_vsnodes_deaths: 0.
num_space_committed: 544.
num_space_uncommitted: 0.
num_chunks_returned_to_freelist: 17.
num_chunks_taken_from_freelist: 1593.
num_chunk_merges: 7.
num_chunk_splits: 1020.
num_chunks_enlarged: 607.
num_inconsistent_stats: 0.

CodeHeap 'non-profiled nmethods': size=120032Kb used=1161Kb max_used=1161Kb free=118870Kb
 bounds [0x00000600c249e000, 0x00000600c270e000, 0x00000600c99d6000]
CodeHeap 'profiled nmethods': size=120028Kb used=6042Kb max_used=6042Kb free=113985Kb
 bounds [0x00000600ba9d6000, 0x00000600bafc6000, 0x00000600c1f0d000]
CodeHeap 'non-nmethods': size=5700Kb used=1250Kb max_used=1272Kb free=4449Kb
 bounds [0x00000600c1f0d000, 0x00000600c217d000, 0x00000600c249e000]
 total_blobs=3532 nmethods=2971 adapters=476
 compilation: enabled
              stopped_count=0, restarted_count=0
 full_count=0

Compilation events (20 events):
Event: 16.855 Thread 0x00007fd0d7810e00 nmethod 2979 0x00000600bafafe10 code [0x00000600bafaffc0, 0x00000600bafb0108]
Event: 16.855 Thread 0x00007fd0d7810e00 2980       3       java.util.Hashtable$Enumerator::next (27 bytes)
Event: 16.856 Thread 0x00007fd0d7810e00 nmethod 2980 0x00000600bafb0190 code [0x00000600bafb0360, 0x00000600bafb05b8]
Event: 16.856 Thread 0x00007fd0d7810e00 2970       3       org.eclipse.core.internal.preferences.EclipsePreferences::get (16 bytes)
Event: 16.856 Thread 0x00007fd0d7810e00 nmethod 2970 0x00000600bafb0710 code [0x00000600bafb08c0, 0x00000600bafb0ae8]
Event: 16.856 Thread 0x00007fd0d7810e00 2975       1       java.util.Hashtable$Entry::getKey (5 bytes)
Event: 16.856 Thread 0x00007fd0d7810e00 nmethod 2975 0x00000600c25bf590 code [0x00000600c25bf720, 0x00000600c25bf7f8]
Event: 16.856 Thread 0x00007fd0d7810e00 2976       1       java.util.Hashtable$Entry::getValue (5 bytes)
Event: 16.856 Thread 0x00007fd0d7810e00 nmethod 2976 0x00000600c25bf890 code [0x00000600c25bfa20, 0x00000600c25bfaf8]
Event: 16.856 Thread 0x00007fd0d7810e00 2982       3       org.eclipse.jdt.internal.core.JavaModelManager::storePreference (168 bytes)
Event: 16.864 Thread 0x00007fd0d7810e00 nmethod 2982 0x00000600bafb0b90 code [0x00000600bafb0e20, 0x00000600bafb1e48]
Event: 16.864 Thread 0x00007fd0d7810e00 2985       3       jdk.internal.org.objectweb.asm.ClassWriter::visit (160 bytes)
Event: 16.865 Thread 0x00007fd0d7810e00 nmethod 2985 0x00000600bafb2310 code [0x00000600bafb2540, 0x00000600bafb2d18]
Event: 16.865 Thread 0x00007fd0d7810e00 2977       3       java.util.Hashtable$Enumerator::nextElement (111 bytes)
Event: 16.866 Thread 0x00007fd0d7810e00 nmethod 2977 0x00000600bafb3190 code [0x00000600bafb3360, 0x00000600bafb37e8]
Event: 16.868 Thread 0x00007fd0d7810e00 2983       3       org.eclipse.core.internal.preferences.DefaultPreferences::getLoadLevel (52 bytes)
Event: 16.881 Thread 0x00007fd0d7810e00 nmethod 2983 0x00000600bafb3990 code [0x00000600bafb3b80, 0x00000600bafb4218]
Event: 16.881 Thread 0x00007fd0d7810e00 2993   !   2       java.lang.ClassLoader::loadClass (121 bytes)
Event: 16.886 Thread 0x00007fd0d7810e00 nmethod 2993 0x00000600bafb4490 code [0x00000600bafb46e0, 0x00000600bafb4c48]
Event: 16.886 Thread 0x00007fd0d7810e00 2990       2       org.eclipse.core.runtime.Assert::isTrue (30 bytes)

GC Heap History (18 events):
Event: 5.189 GC heap before
{Heap before GC invocations=1 (full 0):
 PSYoungGen      total 29696K, used 25600K [0x00000007eab00000, 0x00000007ecc00000, 0x0000000800000000)
  eden space 25600K, 100% used [0x00000007eab00000,0x00000007ec400000,0x00000007ec400000)
  from space 4096K, 0% used [0x00000007ec800000,0x00000007ec800000,0x00000007ecc00000)
  to   space 4096K, 0% used [0x00000007ec400000,0x00000007ec400000,0x00000007ec800000)
 ParOldGen       total 68608K, used 0K [0x00000007c0000000, 0x00000007c4300000, 0x00000007eab00000)
  object space 68608K, 0% used [0x00000007c0000000,0x00000007c0000000,0x00000007c4300000)
 Metaspace       used 11217K, committed 11328K, reserved 1114112K
  class space    used 1140K, committed 1152K, reserved 1048576K
}
Event: 5.199 GC heap after
{Heap after GC invocations=1 (full 0):
 PSYoungGen      total 29696K, used 3122K [0x00000007eab00000, 0x00000007ecc00000, 0x0000000800000000)
  eden space 25600K, 0% used [0x00000007eab00000,0x00000007eab00000,0x00000007ec400000)
  from space 4096K, 76% used [0x00000007ec400000,0x00000007ec70c820,0x00000007ec800000)
  to   space 4096K, 0% used [0x00000007ec800000,0x00000007ec800000,0x00000007ecc00000)
 ParOldGen       total 68608K, used 16K [0x00000007c0000000, 0x00000007c4300000, 0x00000007eab00000)
  object space 68608K, 0% used [0x00000007c0000000,0x00000007c0004000,0x00000007c4300000)
 Metaspace       used 11217K, committed 11328K, reserved 1114112K
  class space    used 1140K, committed 1152K, reserved 1048576K
}
Event: 8.575 GC heap before
{Heap before GC invocations=2 (full 0):
 PSYoungGen      total 29696K, used 28722K [0x00000007eab00000, 0x00000007ecc00000, 0x0000000800000000)
  eden space 25600K, 100% used [0x00000007eab00000,0x00000007ec400000,0x00000007ec400000)
  from space 4096K, 76% used [0x00000007ec400000,0x00000007ec70c820,0x00000007ec800000)
  to   space 4096K, 0% used [0x00000007ec800000,0x00000007ec800000,0x00000007ecc00000)
 ParOldGen       total 68608K, used 16K [0x00000007c0000000, 0x00000007c4300000, 0x00000007eab00000)
  object space 68608K, 0% used [0x00000007c0000000,0x00000007c0004000,0x00000007c4300000)
 Metaspace       used 15361K, committed 15616K, reserved 1114112K
  class space    used 1591K, committed 1728K, reserved 1048576K
}
Event: 8.584 GC heap after
{Heap after GC invocations=2 (full 0):
 PSYoungGen      total 29696K, used 4078K [0x00000007eab00000, 0x00000007ecc00000, 0x0000000800000000)
  eden space 25600K, 0% used [0x00000007eab00000,0x00000007eab00000,0x00000007ec400000)
  from space 4096K, 99% used [0x00000007ec800000,0x00000007ecbfb8a8,0x00000007ecc00000)
  to   space 4096K, 0% used [0x00000007ec400000,0x00000007ec400000,0x00000007ec800000)
 ParOldGen       total 68608K, used 1214K [0x00000007c0000000, 0x00000007c4300000, 0x00000007eab00000)
  object space 68608K, 1% used [0x00000007c0000000,0x00000007c012fb70,0x00000007c4300000)
 Metaspace       used 15361K, committed 15616K, reserved 1114112K
  class space    used 1591K, committed 1728K, reserved 1048576K
}
Event: 11.128 GC heap before
{Heap before GC invocations=3 (full 0):
 PSYoungGen      total 29696K, used 29678K [0x00000007eab00000, 0x00000007ecc00000, 0x0000000800000000)
  eden space 25600K, 100% used [0x00000007eab00000,0x00000007ec400000,0x00000007ec400000)
  from space 4096K, 99% used [0x00000007ec800000,0x00000007ecbfb8a8,0x00000007ecc00000)
  to   space 4096K, 0% used [0x00000007ec400000,0x00000007ec400000,0x00000007ec800000)
 ParOldGen       total 68608K, used 1214K [0x00000007c0000000, 0x00000007c4300000, 0x00000007eab00000)
  object space 68608K, 1% used [0x00000007c0000000,0x00000007c012fb70,0x00000007c4300000)
 Metaspace       used 20255K, committed 20608K, reserved 1114112K
  class space    used 2084K, committed 2240K, reserved 1048576K
}
Event: 11.141 GC heap after
{Heap after GC invocations=3 (full 0):
 PSYoungGen      total 29696K, used 4089K [0x00000007eab00000, 0x00000007ecc00000, 0x0000000800000000)
  eden space 25600K, 0% used [0x00000007eab00000,0x00000007eab00000,0x00000007ec400000)
  from space 4096K, 99% used [0x00000007ec400000,0x00000007ec7fe6f8,0x00000007ec800000)
  to   space 4096K, 0% used [0x00000007ec800000,0x00000007ec800000,0x00000007ecc00000)
 ParOldGen       total 68608K, used 3500K [0x00000007c0000000, 0x00000007c4300000, 0x00000007eab00000)
  object space 68608K, 5% used [0x00000007c0000000,0x00000007c036b318,0x00000007c4300000)
 Metaspace       used 20255K, committed 20608K, reserved 1114112K
  class space    used 2084K, committed 2240K, reserved 1048576K
}
Event: 11.612 GC heap before
{Heap before GC invocations=4 (full 0):
 PSYoungGen      total 29696K, used 9538K [0x00000007eab00000, 0x00000007ecc00000, 0x0000000800000000)
  eden space 25600K, 21% used [0x00000007eab00000,0x00000007eb052130,0x00000007ec400000)
  from space 4096K, 99% used [0x00000007ec400000,0x00000007ec7fe6f8,0x00000007ec800000)
  to   space 4096K, 0% used [0x00000007ec800000,0x00000007ec800000,0x00000007ecc00000)
 ParOldGen       total 68608K, used 3500K [0x00000007c0000000, 0x00000007c4300000, 0x00000007eab00000)
  object space 68608K, 5% used [0x00000007c0000000,0x00000007c036b318,0x00000007c4300000)
 Metaspace       used 21139K, committed 21504K, reserved 1114112K
  class space    used 2184K, committed 2368K, reserved 1048576K
}
Event: 11.619 GC heap after
{Heap after GC invocations=4 (full 0):
 PSYoungGen      total 29696K, used 4083K [0x00000007eab00000, 0x00000007ecc00000, 0x0000000800000000)
  eden space 25600K, 0% used [0x00000007eab00000,0x00000007eab00000,0x00000007ec400000)
  from space 4096K, 99% used [0x00000007ec800000,0x00000007ecbfcec8,0x00000007ecc00000)
  to   space 4096K, 0% used [0x00000007ec400000,0x00000007ec400000,0x00000007ec800000)
 ParOldGen       total 68608K, used 3700K [0x00000007c0000000, 0x00000007c4300000, 0x00000007eab00000)
  object space 68608K, 5% used [0x00000007c0000000,0x00000007c039d328,0x00000007c4300000)
 Metaspace       used 21139K, committed 21504K, reserved 1114112K
  class space    used 2184K, committed 2368K, reserved 1048576K
}
Event: 11.619 GC heap before
{Heap before GC invocations=5 (full 1):
 PSYoungGen      total 29696K, used 4083K [0x00000007eab00000, 0x00000007ecc00000, 0x0000000800000000)
  eden space 25600K, 0% used [0x00000007eab00000,0x00000007eab00000,0x00000007ec400000)
  from space 4096K, 99% used [0x00000007ec800000,0x00000007ecbfcec8,0x00000007ecc00000)
  to   space 4096K, 0% used [0x00000007ec400000,0x00000007ec400000,0x00000007ec800000)
 ParOldGen       total 68608K, used 3700K [0x00000007c0000000, 0x00000007c4300000, 0x00000007eab00000)
  object space 68608K, 5% used [0x00000007c0000000,0x00000007c039d328,0x00000007c4300000)
 Metaspace       used 21139K, committed 21504K, reserved 1114112K
  class space    used 2184K, committed 2368K, reserved 1048576K
}
Event: 11.674 GC heap after
{Heap after GC invocations=5 (full 1):
 PSYoungGen      total 29696K, used 0K [0x00000007eab00000, 0x00000007ecc00000, 0x0000000800000000)
  eden space 25600K, 0% used [0x00000007eab00000,0x00000007eab00000,0x00000007ec400000)
  from space 4096K, 0% used [0x00000007ec800000,0x00000007ec800000,0x00000007ecc00000)
  to   space 4096K, 0% used [0x00000007ec400000,0x00000007ec400000,0x00000007ec800000)
 ParOldGen       total 68608K, used 7646K [0x00000007c0000000, 0x00000007c4300000, 0x00000007eab00000)
  object space 68608K, 11% used [0x00000007c0000000,0x00000007c0777ab8,0x00000007c4300000)
 Metaspace       used 21126K, committed 21504K, reserved 1114112K
  class space    used 2180K, committed 2368K, reserved 1048576K
}
Event: 13.615 GC heap before
{Heap before GC invocations=6 (full 1):
 PSYoungGen      total 29696K, used 25600K [0x00000007eab00000, 0x00000007ecc00000, 0x0000000800000000)
  eden space 25600K, 100% used [0x00000007eab00000,0x00000007ec400000,0x00000007ec400000)
  from space 4096K, 0% used [0x00000007ec800000,0x00000007ec800000,0x00000007ecc00000)
  to   space 4096K, 0% used [0x00000007ec400000,0x00000007ec400000,0x00000007ec800000)
 ParOldGen       total 68608K, used 7646K [0x00000007c0000000, 0x00000007c4300000, 0x00000007eab00000)
  object space 68608K, 11% used [0x00000007c0000000,0x00000007c0777ab8,0x00000007c4300000)
 Metaspace       used 24227K, committed 24832K, reserved 1114112K
  class space    used 2591K, committed 2880K, reserved 1048576K
}
Event: 13.628 GC heap after
{Heap after GC invocations=6 (full 1):
 PSYoungGen      total 27648K, used 2141K [0x00000007eab00000, 0x00000007ec980000, 0x0000000800000000)
  eden space 25088K, 0% used [0x00000007eab00000,0x00000007eab00000,0x00000007ec380000)
  from space 2560K, 83% used [0x00000007ec400000,0x00000007ec617440,0x00000007ec680000)
  to   space 3072K, 0% used [0x00000007ec680000,0x00000007ec680000,0x00000007ec980000)
 ParOldGen       total 68608K, used 7654K [0x00000007c0000000, 0x00000007c4300000, 0x00000007eab00000)
  object space 68608K, 11% used [0x00000007c0000000,0x00000007c0779ab8,0x00000007c4300000)
 Metaspace       used 24227K, committed 24832K, reserved 1114112K
  class space    used 2591K, committed 2880K, reserved 1048576K
}
Event: 14.637 GC heap before
{Heap before GC invocations=7 (full 1):
 PSYoungGen      total 27648K, used 27229K [0x00000007eab00000, 0x00000007ec980000, 0x0000000800000000)
  eden space 25088K, 100% used [0x00000007eab00000,0x00000007ec380000,0x00000007ec380000)
  from space 2560K, 83% used [0x00000007ec400000,0x00000007ec617440,0x00000007ec680000)
  to   space 3072K, 0% used [0x00000007ec680000,0x00000007ec680000,0x00000007ec980000)
 ParOldGen       total 68608K, used 7654K [0x00000007c0000000, 0x00000007c4300000, 0x00000007eab00000)
  object space 68608K, 11% used [0x00000007c0000000,0x00000007c0779ab8,0x00000007c4300000)
 Metaspace       used 27563K, committed 28224K, reserved 1114112K
  class space    used 2829K, committed 3136K, reserved 1048576K
}
Event: 14.640 GC heap after
{Heap after GC invocations=7 (full 1):
 PSYoungGen      total 27648K, used 2695K [0x00000007eab00000, 0x00000007ec980000, 0x0000000800000000)
  eden space 24576K, 0% used [0x00000007eab00000,0x00000007eab00000,0x00000007ec300000)
  from space 3072K, 87% used [0x00000007ec680000,0x00000007ec921da0,0x00000007ec980000)
  to   space 3072K, 0% used [0x00000007ec380000,0x00000007ec380000,0x00000007ec680000)
 ParOldGen       total 68608K, used 7662K [0x00000007c0000000, 0x00000007c4300000, 0x00000007eab00000)
  object space 68608K, 11% used [0x00000007c0000000,0x00000007c077bab8,0x00000007c4300000)
 Metaspace       used 27563K, committed 28224K, reserved 1114112K
  class space    used 2829K, committed 3136K, reserved 1048576K
}
Event: 15.824 GC heap before
{Heap before GC invocations=8 (full 1):
 PSYoungGen      total 27648K, used 27271K [0x00000007eab00000, 0x00000007ec980000, 0x0000000800000000)
  eden space 24576K, 100% used [0x00000007eab00000,0x00000007ec300000,0x00000007ec300000)
  from space 3072K, 87% used [0x00000007ec680000,0x00000007ec921da0,0x00000007ec980000)
  to   space 3072K, 0% used [0x00000007ec380000,0x00000007ec380000,0x00000007ec680000)
 ParOldGen       total 68608K, used 7662K [0x00000007c0000000, 0x00000007c4300000, 0x00000007eab00000)
  object space 68608K, 11% used [0x00000007c0000000,0x00000007c077bab8,0x00000007c4300000)
 Metaspace       used 31596K, committed 32256K, reserved 1114112K
  class space    used 3273K, committed 3584K, reserved 1048576K
}
Event: 15.828 GC heap after
{Heap after GC invocations=8 (full 1):
 PSYoungGen      total 27136K, used 3056K [0x00000007eab00000, 0x00000007ec980000, 0x0000000800000000)
  eden space 24064K, 0% used [0x00000007eab00000,0x00000007eab00000,0x00000007ec280000)
  from space 3072K, 99% used [0x00000007ec380000,0x00000007ec67c268,0x00000007ec680000)
  to   space 3072K, 0% used [0x00000007ec680000,0x00000007ec680000,0x00000007ec980000)
 ParOldGen       total 68608K, used 7782K [0x00000007c0000000, 0x00000007c4300000, 0x00000007eab00000)
  object space 68608K, 11% used [0x00000007c0000000,0x00000007c0799ad8,0x00000007c4300000)
 Metaspace       used 31596K, committed 32256K, reserved 1114112K
  class space    used 3273K, committed 3584K, reserved 1048576K
}
Event: 16.850 GC heap before
{Heap before GC invocations=9 (full 1):
 PSYoungGen      total 27136K, used 27120K [0x00000007eab00000, 0x00000007ec980000, 0x0000000800000000)
  eden space 24064K, 100% used [0x00000007eab00000,0x00000007ec280000,0x00000007ec280000)
  from space 3072K, 99% used [0x00000007ec380000,0x00000007ec67c268,0x00000007ec680000)
  to   space 3072K, 0% used [0x00000007ec680000,0x00000007ec680000,0x00000007ec980000)
 ParOldGen       total 68608K, used 7782K [0x00000007c0000000, 0x00000007c4300000, 0x00000007eab00000)
  object space 68608K, 11% used [0x00000007c0000000,0x00000007c0799ad8,0x00000007c4300000)
 Metaspace       used 33807K, committed 34496K, reserved 1114112K
  class space    used 3516K, committed 3840K, reserved 1048576K
}
Event: 16.854 GC heap after
{Heap after GC invocations=9 (full 1):
 PSYoungGen      total 26624K, used 3045K [0x00000007eab00000, 0x00000007ecb00000, 0x0000000800000000)
  eden space 23552K, 0% used [0x00000007eab00000,0x00000007eab00000,0x00000007ec200000)
  from space 3072K, 99% used [0x00000007ec680000,0x00000007ec979660,0x00000007ec980000)
  to   space 4608K, 0% used [0x00000007ec200000,0x00000007ec200000,0x00000007ec680000)
 ParOldGen       total 68608K, used 8826K [0x00000007c0000000, 0x00000007c4300000, 0x00000007eab00000)
  object space 68608K, 12% used [0x00000007c0000000,0x00000007c089eb38,0x00000007c4300000)
 Metaspace       used 33807K, committed 34496K, reserved 1114112K
  class space    used 3516K, committed 3840K, reserved 1048576K
}

Dll operation events (9 events):
Event: 0.012 Loaded shared library /Users/raimundobotelho/.vscode/extensions/redhat.java-1.18.0-darwin-x64/jre/17.0.7-macosx-x86_64/lib/libjava.dylib
Event: 0.940 Loaded shared library /Users/raimundobotelho/.vscode/extensions/redhat.java-1.18.0-darwin-x64/jre/17.0.7-macosx-x86_64/lib/libzip.dylib
Event: 0.995 Loaded shared library /Users/raimundobotelho/.vscode/extensions/redhat.java-1.18.0-darwin-x64/jre/17.0.7-macosx-x86_64/lib/libinstrument.dylib
Event: 1.090 Loaded shared library /Users/raimundobotelho/.vscode/extensions/redhat.java-1.18.0-darwin-x64/jre/17.0.7-macosx-x86_64/lib/libnio.dylib
Event: 1.203 Loaded shared library /Users/raimundobotelho/.vscode/extensions/redhat.java-1.18.0-darwin-x64/jre/17.0.7-macosx-x86_64/lib/libzip.dylib
Event: 1.347 Loaded shared library /Users/raimundobotelho/.vscode/extensions/redhat.java-1.18.0-darwin-x64/jre/17.0.7-macosx-x86_64/lib/libjimage.dylib
Event: 1.546 Loaded shared library /Users/raimundobotelho/.vscode/extensions/redhat.java-1.18.0-darwin-x64/jre/17.0.7-macosx-x86_64/lib/libverify.dylib
Event: 5.410 Loaded shared library /Users/raimundobotelho/.vscode/extensions/redhat.java-1.18.0-darwin-x64/jre/17.0.7-macosx-x86_64/lib/libnet.dylib
Event: 7.924 Loaded shared library /Users/raimundobotelho/Library/Application Support/Code/User/globalStorage/redhat.java/1.18.0/config_mac/org.eclipse.equinox.launcher/org.eclipse.equinox.launcher.cocoa.macosx.x86_64_1.2.700.v20221108-1024/eclipse_11801.so

Deoptimization events (20 events):
Event: 16.788 Thread 0x00007fd0d8258e00 Uncommon trap: trap_request=0xffffff45 fr.pc=0x00000600c25ba588 relative=0x00000000000000e8
Event: 16.788 Thread 0x00007fd0d8258e00 Uncommon trap: reason=unstable_if action=reinterpret pc=0x00000600c25ba588 method=java.util.ArrayList.indexOfRange(Ljava/lang/Object;II)I @ 7 c2
Event: 16.788 Thread 0x00007fd0d8258e00 DEOPT PACKING pc=0x00000600c25ba588 sp=0x000070000e0ba9f0
Event: 16.788 Thread 0x00007fd0d8258e00 DEOPT UNPACKING pc=0x00000600c1f633a1 sp=0x000070000e0ba938 mode 2
Event: 16.789 Thread 0x00007fd0d8258e00 Uncommon trap: trap_request=0xffffffde fr.pc=0x00000600c25820d8 relative=0x0000000000000198
Event: 16.789 Thread 0x00007fd0d8258e00 Uncommon trap: reason=class_check action=maybe_recompile pc=0x00000600c25820d8 method=java.io.BufferedInputStream.read1([BII)I @ 39 c2
Event: 16.789 Thread 0x00007fd0d8258e00 DEOPT PACKING pc=0x00000600c25820d8 sp=0x000070000e0b9ff0
Event: 16.789 Thread 0x00007fd0d8258e00 DEOPT UNPACKING pc=0x00000600c1f633a1 sp=0x000070000e0b9f78 mode 2
Event: 16.793 Thread 0x00007fd0d8258e00 Uncommon trap: trap_request=0xffffff45 fr.pc=0x00000600c25bce7c relative=0x000000000000177c
Event: 16.793 Thread 0x00007fd0d8258e00 Uncommon trap: reason=unstable_if action=reinterpret pc=0x00000600c25bce7c method=java.nio.charset.CoderResult.isOverflow()Z @ 5 c2
Event: 16.794 Thread 0x00007fd0d8258e00 DEOPT PACKING pc=0x00000600c25bce7c sp=0x000070000e0ba360
Event: 16.794 Thread 0x00007fd0d8258e00 DEOPT UNPACKING pc=0x00000600c1f633a1 sp=0x000070000e0ba080 mode 2
Event: 16.794 Thread 0x00007fd0d8258e00 Uncommon trap: trap_request=0xffffffde fr.pc=0x00000600c25820d8 relative=0x0000000000000198
Event: 16.795 Thread 0x00007fd0d8258e00 Uncommon trap: reason=class_check action=maybe_recompile pc=0x00000600c25820d8 method=java.io.BufferedInputStream.read1([BII)I @ 39 c2
Event: 16.795 Thread 0x00007fd0d8258e00 DEOPT PACKING pc=0x00000600c25820d8 sp=0x000070000e0b9fd0
Event: 16.795 Thread 0x00007fd0d8258e00 DEOPT UNPACKING pc=0x00000600c1f633a1 sp=0x000070000e0b9f58 mode 2
Event: 16.799 Thread 0x00007fd0d8258e00 Uncommon trap: trap_request=0xffffff45 fr.pc=0x00000600c253b48c relative=0x00000000000000ec
Event: 16.800 Thread 0x00007fd0d8258e00 Uncommon trap: reason=unstable_if action=reinterpret pc=0x00000600c253b48c method=java.util.ArrayList.indexOfRange(Ljava/lang/Object;II)I @ 7 c2
Event: 16.800 Thread 0x00007fd0d8258e00 DEOPT PACKING pc=0x00000600c253b48c sp=0x000070000e0ba980
Event: 16.800 Thread 0x00007fd0d8258e00 DEOPT UNPACKING pc=0x00000600c1f633a1 sp=0x000070000e0ba940 mode 2

Classes unloaded (7 events):
Event: 11.630 Thread 0x00007fd0d7522a40 Unloading class 0x0000000800242400 'java/lang/invoke/LambdaForm$MH+0x0000000800242400'
Event: 11.630 Thread 0x00007fd0d7522a40 Unloading class 0x0000000800242000 'java/lang/invoke/LambdaForm$MH+0x0000000800242000'
Event: 11.630 Thread 0x00007fd0d7522a40 Unloading class 0x0000000800241c00 'java/lang/invoke/LambdaForm$MH+0x0000000800241c00'
Event: 11.630 Thread 0x00007fd0d7522a40 Unloading class 0x0000000800241800 'java/lang/invoke/LambdaForm$MH+0x0000000800241800'
Event: 11.630 Thread 0x00007fd0d7522a40 Unloading class 0x0000000800241000 'java/lang/invoke/LambdaForm$BMH+0x0000000800241000'
Event: 11.630 Thread 0x00007fd0d7522a40 Unloading class 0x0000000800240c00 'java/lang/invoke/LambdaForm$DMH+0x0000000800240c00'
Event: 11.630 Thread 0x00007fd0d7522a40 Unloading class 0x000000080023e000 'java/lang/invoke/LambdaForm$DMH+0x000000080023e000'

Classes redefined (0 events):
No events

Internal exceptions (20 events):
Event: 13.072 Thread 0x00007fd0d7918600 Exception <a 'java/lang/NoSuchMethodError'{0x00000007ebfdb4a0}: 'int java.lang.invoke.Invokers$Holder.linkToTargetMethod(java.lang.Object, java.lang.Object)'> (0x00000007ebfdb4a0) 
thrown [src/hotspot/share/interpreter/linkResolver.cpp, line 759]
Event: 13.183 Thread 0x00007fd0d7918600 Exception <a 'java/lang/NoSuchMethodError'{0x00000007ec099e48}: 'java.lang.Object java.lang.invoke.DirectMethodHandle$Holder.invokeSpecial(java.lang.Object, java.lang.Object, java.lang.Object, java.lang.Object, java.lang.Object, java.lang.Object, java.lang.Object, java.lang.Object, java.lang.Object, java.lang.Object, java.lang.Object)'> (0x00000007ec099e48) 
thrown [src/hotspot/share/interpreter/linkResolver.cpp, line 759]
Event: 13.184 Thread 0x00007fd0d7918600 Exception <a 'java/lang/NoSuchMethodError'{0x00000007ec09f360}: 'java.lang.Object java.lang.invoke.Invokers$Holder.invoke_MT(java.lang.Object, java.lang.Object, java.lang.Object, java.lang.Object, java.lang.Object, java.lang.Object, java.lang.Object, java.lang.Object, java.lang.Object, java.lang.Object, java.lang.Object)'> (0x00000007ec09f360) 
thrown [src/hotspot/share/interpreter/linkResolver.cpp, line 759]
Event: 13.308 Thread 0x00007fd0d7918600 Exception <a 'java/lang/NoSuchMethodError'{0x00000007ec126a30}: 'java.lang.Object java.lang.invoke.DirectMethodHandle$Holder.invokeSpecial(java.lang.Object, java.lang.Object, java.lang.Object, java.lang.Object, java.lang.Object, java.lang.Object, java.lang.Object, java.lang.Object, java.lang.Object, java.lang.Object)'> (0x00000007ec126a30) 
thrown [src/hotspot/share/interpreter/linkResolver.cpp, line 759]
Event: 13.309 Thread 0x00007fd0d7918600 Exception <a 'java/lang/NoSuchMethodError'{0x00000007ec12bc80}: 'java.lang.Object java.lang.invoke.Invokers$Holder.invoke_MT(java.lang.Object, java.lang.Object, java.lang.Object, java.lang.Object, java.lang.Object, java.lang.Object, java.lang.Object, java.lang.Object, java.lang.Object, java.lang.Object)'> (0x00000007ec12bc80) 
thrown [src/hotspot/share/interpreter/linkResolver.cpp, line 759]
Event: 13.420 Thread 0x00007fd0d7918600 Exception <a 'java/lang/NoSuchMethodError'{0x00000007ec1c4be8}: 'java.lang.Object java.lang.invoke.DirectMethodHandle$Holder.newInvokeSpecial(java.lang.Object, java.lang.Object, java.lang.Object, java.lang.Object, java.lang.Object, java.lang.Object, java.lang.Object)'> (0x00000007ec1c4be8) 
thrown [src/hotspot/share/interpreter/linkResolver.cpp, line 759]
Event: 13.468 Thread 0x00007fd0d7918600 Exception <a 'java/lang/NoSuchMethodError'{0x00000007ec2349f8}: 'java.lang.Object java.lang.invoke.DirectMethodHandle$Holder.invokeSpecial(java.lang.Object, java.lang.Object, java.lang.Object, java.lang.Object, java.lang.Object, java.lang.Object, java.lang.Object, java.lang.Object, java.lang.Object, java.lang.Object, java.lang.Object, java.lang.Object, java.lang.Object)'> (0x00000007ec2349f8) 
thrown [src/hotspot/share/interpreter/linkResolver.cpp, line 759]
Event: 13.468 Thread 0x00007fd0d7918600 Exception <a 'java/lang/NoSuchMethodError'{0x00000007ec23a528}: 'java.lang.Object java.lang.invoke.Invokers$Holder.invoker(java.lang.Object, java.lang.Object, java.lang.Object, java.lang.Object, java.lang.Object, java.lang.Object, java.lang.Object, java.lang.Object, java.lang.Object, java.lang.Object, java.lang.Object, java.lang.Object, java.lang.Object)'> (0x00000007ec23a528) 
thrown [src/hotspot/share/interpreter/linkResolver.cpp, line 759]
Event: 13.469 Thread 0x00007fd0d7918600 Exception <a 'java/lang/NoSuchMethodError'{0x00000007ec241228}: 'java.lang.Object java.lang.invoke.DirectMethodHandle$Holder.invokeSpecial(java.lang.Object, java.lang.Object, java.lang.Object, java.lang.Object, java.lang.Object, java.lang.Object, java.lang.Object, java.lang.Object, java.lang.Object, java.lang.Object, java.lang.Object, java.lang.Object, java.lang.Object, java.lang.Object)'> (0x00000007ec241228) 
thrown [src/hotspot/share/interpreter/linkResolver.cpp, line 759]
Event: 13.492 Thread 0x00007fd0d7918600 Exception <a 'java/lang/NoSuchMethodError'{0x00000007ec2a1cc8}: static Lorg/eclipse/m2e/core/internal/lifecyclemapping/model/PluginExecutionMetadata;.<clinit>()V> (0x00000007ec2a1cc8) 
thrown [src/hotspot/share/prims/jni.cpp, line 1107]
Event: 13.553 Thread 0x00007fd0d7918600 Exception <a 'java/lang/NoSuchMethodError'{0x00000007ec2fb1e0}: static Lorg/eclipse/m2e/core/internal/lifecyclemapping/model/PluginExecutionFilter;.<clinit>()V> (0x00000007ec2fb1e0) 
thrown [src/hotspot/share/prims/jni.cpp, line 1107]
Event: 13.566 Thread 0x00007fd0d7918600 Exception <a 'java/lang/NoSuchMethodError'{0x00000007ec32e510}: static Lorg/eclipse/m2e/core/internal/project/registry/MavenProjectFacade$MavenProjectConfiguration;.<clinit>()V> (0x00000007ec32e510) 
thrown [src/hotspot/share/prims/jni.cpp, line 1107]
Event: 13.668 Thread 0x00007fd0d7915000 Exception <a 'java/io/FileNotFoundException'{0x00000007eac5c3b0}> (0x00000007eac5c3b0) 
thrown [src/hotspot/share/prims/jni.cpp, line 516]
Event: 14.841 Thread 0x00007fd0d8258e00 Exception <a 'java/lang/NoSuchMethodError'{0x00000007ead4ead8}: 'java.lang.Object java.lang.invoke.DirectMethodHandle$Holder.invokeSpecialIFC(java.lang.Object, java.lang.Object, java.lang.Object, java.lang.Object)'> (0x00000007ead4ead8) 
thrown [src/hotspot/share/interpreter/linkResolver.cpp, line 759]
Event: 15.676 Thread 0x00007fd0d8258e00 Exception <a 'java/lang/NoSuchMethodError'{0x00000007ec0ce7a8}: 'int java.lang.invoke.DirectMethodHandle$Holder.invokeSpecialIFC(java.lang.Object, java.lang.Object, java.lang.Object, java.lang.Object, java.lang.Object)'> (0x00000007ec0ce7a8) 
thrown [src/hotspot/share/interpreter/linkResolver.cpp, line 759]
Event: 16.165 Thread 0x00007fd0d7918600 Exception <a 'java/lang/ClassNotFoundException'{0x00000007eb8c3e40}: com/sun/org/apache/xerces/internal/impl/msg/spi/DOMMessagesProvider> (0x00000007eb8c3e40) 
thrown [src/hotspot/share/classfile/systemDictionary.cpp, line 256]
Event: 16.192 Thread 0x00007fd0d7918600 Exception <a 'java/lang/ClassNotFoundException'{0x00000007eb8f24b8}: com/sun/org/apache/xerces/internal/impl/msg/spi/XMLSerializerMessagesProvider> (0x00000007eb8f24b8) 
thrown [src/hotspot/share/classfile/systemDictionary.cpp, line 256]
Event: 16.197 Thread 0x00007fd0d7918600 Exception <a 'java/lang/ClassNotFoundException'{0x00000007eb924ca0}: com/sun/org/apache/xerces/internal/impl/msg/spi/XMLMessagesProvider> (0x00000007eb924ca0) 
thrown [src/hotspot/share/classfile/systemDictionary.cpp, line 256]
Event: 16.448 Thread 0x00007fd0d7918600 Exception <a 'java/lang/NoSuchMethodError'{0x00000007ebc492d8}: 'void java.lang.invoke.DirectMethodHandle$Holder.invokeVirtual(java.lang.Object, java.lang.Object)'> (0x00000007ebc492d8) 
thrown [src/hotspot/share/interpreter/linkResolver.cpp, line 759]
Event: 16.483 Thread 0x00007fd0d8258e00 Exception <a 'java/lang/NoClassDefFoundError'{0x00000007ebcfe248}: javax/enterprise/inject/Typed> (0x00000007ebcfe248) 
thrown [src/hotspot/share/classfile/systemDictionary.cpp, line 245]

VM Operations (20 events):
Event: 12.965 Executing VM operation: HandshakeAllThreads
Event: 12.965 Executing VM operation: HandshakeAllThreads done
Event: 12.965 Executing VM operation: Cleanup
Event: 12.965 Executing VM operation: Cleanup done
Event: 13.614 Executing VM operation: ParallelGCFailedAllocation
Event: 13.638 Executing VM operation: ParallelGCFailedAllocation done
Event: 14.637 Executing VM operation: ParallelGCFailedAllocation
Event: 14.640 Executing VM operation: ParallelGCFailedAllocation done
Event: 14.671 Executing VM operation: HandshakeAllThreads
Event: 14.698 Executing VM operation: HandshakeAllThreads done
Event: 14.870 Executing VM operation: HandshakeAllThreads
Event: 14.870 Executing VM operation: HandshakeAllThreads done
Event: 15.824 Executing VM operation: ParallelGCFailedAllocation
Event: 15.838 Executing VM operation: ParallelGCFailedAllocation done
Event: 16.341 Executing VM operation: HandshakeAllThreads
Event: 16.342 Executing VM operation: HandshakeAllThreads done
Event: 16.602 Executing VM operation: HandshakeAllThreads
Event: 16.602 Executing VM operation: HandshakeAllThreads done
Event: 16.850 Executing VM operation: ParallelGCFailedAllocation
Event: 16.865 Executing VM operation: ParallelGCFailedAllocation done

Events (20 events):
Event: 16.859 loading class java/util/spi/ResourceBundleControlProvider
Event: 16.859 loading class java/util/spi/ResourceBundleControlProvider done
Event: 16.859 loading class java/util/ServiceLoader$ProviderSpliterator
Event: 16.859 loading class java/util/ServiceLoader$ProviderSpliterator done
Event: 16.860 loading class java/util/ImmutableCollections$Access
Event: 16.860 loading class java/util/ImmutableCollections$Access done
Event: 16.860 loading class java/util/ImmutableCollections$Access$1
Event: 16.861 loading class jdk/internal/access/JavaUtilCollectionAccess
Event: 16.861 loading class jdk/internal/access/JavaUtilCollectionAccess done
Event: 16.861 loading class java/util/ImmutableCollections$Access$1 done
Event: 16.861 loading class java/util/stream/Nodes$SpinedNodeBuilder
Event: 16.862 loading class java/util/stream/Nodes$SpinedNodeBuilder done
Event: 16.863 loading class java/util/ResourceBundle$Control$2
Event: 16.863 loading class java/util/ResourceBundle$Control$2 done
Event: 16.865 loading class jdk/internal/access/foreign/MemorySegmentProxy
Event: 16.865 loading class jdk/internal/access/foreign/MemorySegmentProxy done
Event: 16.884 loading class javax/xml/transform/TransformerException
Event: 16.884 loading class javax/xml/transform/TransformerException done
Event: 16.885 loading class javax/xml/transform/stream/StreamResult
Event: 16.885 loading class javax/xml/transform/stream/StreamResult done


Dynamic libraries:
0x00007fff5e02a000 	/usr/lib/libz.1.dylib
0x00000001066a9000 	/Users/raimundobotelho/.vscode/extensions/redhat.java-1.18.0-darwin-x64/jre/17.0.7-macosx-x86_64/lib/libjli.dylib
0x00007fff35a07000 	/System/Library/Frameworks/Cocoa.framework/Versions/A/Cocoa
0x00007fff4206a000 	/System/Library/Frameworks/Security.framework/Versions/A/Security
0x00007fff34645000 	/System/Library/Frameworks/ApplicationServices.framework/Versions/A/ApplicationServices
0x00007fff5bed8000 	/usr/lib/libSystem.B.dylib
0x00007fff5e0d8000 	/usr/lib/system/libcache.dylib
0x00007fff5e0dd000 	/usr/lib/system/libcommonCrypto.dylib
0x00007fff5e0e8000 	/usr/lib/system/libcompiler_rt.dylib
0x00007fff5e0f0000 	/usr/lib/system/libcopyfile.dylib
0x00007fff5e0fa000 	/usr/lib/system/libcorecrypto.dylib
0x00007fff5e207000 	/usr/lib/system/libdispatch.dylib
0x00007fff5e241000 	/usr/lib/system/libdyld.dylib
0x00007fff5e25f000 	/usr/lib/system/libkeymgr.dylib
0x00007fff5e26d000 	/usr/lib/system/liblaunch.dylib
0x00007fff5e26e000 	/usr/lib/system/libmacho.dylib
0x00007fff5e273000 	/usr/lib/system/libquarantine.dylib
0x00007fff5e276000 	/usr/lib/system/libremovefile.dylib
0x00007fff5e278000 	/usr/lib/system/libsystem_asl.dylib
0x00007fff5e290000 	/usr/lib/system/libsystem_blocks.dylib
0x00007fff5e291000 	/usr/lib/system/libsystem_c.dylib
0x00007fff5e31b000 	/usr/lib/system/libsystem_configuration.dylib
0x00007fff5e31f000 	/usr/lib/system/libsystem_coreservices.dylib
0x00007fff5e323000 	/usr/lib/system/libsystem_darwin.dylib
0x00007fff5e325000 	/usr/lib/system/libsystem_dnssd.dylib
0x00007fff5e32c000 	/usr/lib/system/libsystem_info.dylib
0x00007fff5e39d000 	/usr/lib/system/libsystem_m.dylib
0x00007fff5e3e9000 	/usr/lib/system/libsystem_malloc.dylib
0x00007fff5e409000 	/usr/lib/system/libsystem_network.dylib
0x00007fff5e53a000 	/usr/lib/system/libsystem_networkextension.dylib
0x00007fff5e545000 	/usr/lib/system/libsystem_notify.dylib
0x00007fff5e563000 	/usr/lib/system/libsystem_sandbox.dylib
0x00007fff5e567000 	/usr/lib/system/libsystem_secinit.dylib
0x00007fff5e376000 	/usr/lib/system/libsystem_kernel.dylib
0x00007fff5e54f000 	/usr/lib/system/libsystem_platform.dylib
0x00007fff5e557000 	/usr/lib/system/libsystem_pthread.dylib
0x00007fff5e569000 	/usr/lib/system/libsystem_symptoms.dylib
0x00007fff5e571000 	/usr/lib/system/libsystem_trace.dylib
0x00007fff5e587000 	/usr/lib/system/libunwind.dylib
0x00007fff5e58d000 	/usr/lib/system/libxpc.dylib
0x00007fff5b99e000 	/usr/lib/closure/libclosured.dylib
0x00007fff5d613000 	/usr/lib/libobjc.A.dylib
0x00007fff5c1e7000 	/usr/lib/libc++abi.dylib
0x00007fff5c190000 	/usr/lib/libc++.1.dylib
0x00007fff361c8000 	/System/Library/Frameworks/CoreFoundation.framework/Versions/A/CoreFoundation
0x00007fff38344000 	/System/Library/Frameworks/Foundation.framework/Versions/C/Foundation
0x00007fff33795000 	/System/Library/Frameworks/AppKit.framework/Versions/C/AppKit
0x00007fff35d7f000 	/System/Library/Frameworks/CoreData.framework/Versions/A/CoreData
0x00007fff5578b000 	/System/Library/PrivateFrameworks/RemoteViewServices.framework/Versions/A/RemoteViewServices
0x00007fff59f09000 	/System/Library/PrivateFrameworks/UIFoundation.framework/Versions/A/UIFoundation
0x00007fff4a583000 	/System/Library/PrivateFrameworks/DFRFoundation.framework/Versions/A/DFRFoundation
0x00007fff3a9c9000 	/System/Library/Frameworks/Metal.framework/Versions/A/Metal
0x00007fff4a720000 	/System/Library/PrivateFrameworks/DesktopServicesPriv.framework/Versions/A/DesktopServicesPriv
0x00007fff5cb60000 	/usr/lib/libenergytrace.dylib
0x00007fff57f73000 	/System/Library/PrivateFrameworks/SkyLight.framework/Versions/A/SkyLight
0x00007fff36666000 	/System/Library/Frameworks/CoreGraphics.framework/Versions/A/CoreGraphics
0x00007fff5bed3000 	/usr/lib/libScreenReader.dylib
0x00007fff324a7000 	/System/Library/Frameworks/Accelerate.framework/Versions/A/Accelerate
0x00007fff38abf000 	/System/Library/Frameworks/IOSurface.framework/Versions/A/IOSurface
0x00007fff34b90000 	/System/Library/Frameworks/AudioToolbox.framework/Versions/A/AudioToolbox
0x00007fff34e20000 	/System/Library/Frameworks/AudioUnit.framework/Versions/A/AudioUnit
0x00007fff4a61b000 	/System/Library/PrivateFrameworks/DataDetectorsCore.framework/Versions/A/DataDetectorsCore
0x00007fff354fa000 	/System/Library/Frameworks/Carbon.framework/Versions/A/Frameworks/HIToolbox.framework/Versions/A/HIToolbox
0x00007fff5ccba000 	/usr/lib/libicucore.A.dylib
0x00007fff415e6000 	/System/Library/Frameworks/QuartzCore.framework/Versions/A/QuartzCore
0x00007fff57214000 	/System/Library/PrivateFrameworks/SignpostNotification.framework/Versions/A/SignpostNotification
0x00007fff358e0000 	/System/Library/Frameworks/Carbon.framework/Versions/A/Frameworks/SpeechRecognition.framework/Versions/A/SpeechRecognition
0x00007fff5c0b6000 	/usr/lib/libauto.dylib
0x00007fff5df19000 	/usr/lib/libxml2.2.dylib
0x00007fff4a1d3000 	/System/Library/PrivateFrameworks/CoreUI.framework/Versions/A/CoreUI
0x00007fff35c5b000 	/System/Library/Frameworks/CoreAudio.framework/Versions/A/CoreAudio
0x00007fff3817e000 	/System/Library/Frameworks/DiskArbitration.framework/Versions/A/DiskArbitration
0x00007fff5cf2e000 	/usr/lib/liblangid.dylib
0x00007fff51c8f000 	/System/Library/PrivateFrameworks/MultitouchSupport.framework/Versions/A/MultitouchSupport
0x00007fff38a22000 	/System/Library/Frameworks/IOKit.framework/Versions/A/IOKit
0x00007fff5bb62000 	/usr/lib/libDiagnosticMessagesClient.dylib
0x00007fff3735b000 	/System/Library/Frameworks/CoreServices.framework/Versions/A/CoreServices
0x00007fff537c7000 	/System/Library/PrivateFrameworks/PerformanceAnalysis.framework/Versions/A/PerformanceAnalysis
0x00007fff40783000 	/System/Library/Frameworks/OpenGL.framework/Versions/A/OpenGL
0x00007fff35a15000 	/System/Library/Frameworks/ColorSync.framework/Versions/A/ColorSync
0x00007fff36c97000 	/System/Library/Frameworks/CoreImage.framework/Versions/A/CoreImage
0x00007fff37cec000 	/System/Library/Frameworks/CoreText.framework/Versions/A/CoreText
0x00007fff38b1d000 	/System/Library/Frameworks/ImageIO.framework/Versions/A/ImageIO
0x00007fff46e7d000 	/System/Library/PrivateFrameworks/Backup.framework/Versions/A/Backup
0x00007fff5bf84000 	/usr/lib/libarchive.2.dylib
0x00007fff35143000 	/System/Library/Frameworks/CFNetwork.framework/Versions/A/CFNetwork
0x00007fff427fd000 	/System/Library/Frameworks/SystemConfiguration.framework/Versions/A/SystemConfiguration
0x00007fff5ba8b000 	/usr/lib/libCRFSuite.dylib
0x00007fff5c171000 	/usr/lib/libbsm.0.dylib
0x00007fff5e260000 	/usr/lib/system/libkxld.dylib
0x00007fff5bd9c000 	/usr/lib/libOpenScriptingUtil.dylib
0x00007fff5c4e0000 	/usr/lib/libcoretls.dylib
0x00007fff5c4f9000 	/usr/lib/libcoretls_cfhelpers.dylib
0x00007fff5da17000 	/usr/lib/libpam.2.dylib
0x00007fff5db42000 	/usr/lib/libsqlite3.dylib
0x00007fff5df08000 	/usr/lib/libxar.1.dylib
0x00007fff5c182000 	/usr/lib/libbz2.1.0.dylib
0x00007fff5cf30000 	/usr/lib/liblzma.5.dylib
0x00007fff5d411000 	/usr/lib/libnetwork.dylib
0x00007fff5bf6d000 	/usr/lib/libapple_nghttp2.dylib
0x00007fff5da1e000 	/usr/lib/libpcap.A.dylib
0x00007fff5c0b7000 	/usr/lib/libboringssl.dylib
0x00007fff5dea3000 	/usr/lib/libusrtcp.dylib
0x00007fff5bf6c000 	/usr/lib/libapple_crypto.dylib
0x00007fff376de000 	/System/Library/Frameworks/CoreServices.framework/Versions/A/Frameworks/FSEvents.framework/Versions/A/FSEvents
0x00007fff373d1000 	/System/Library/Frameworks/CoreServices.framework/Versions/A/Frameworks/CarbonCore.framework/Versions/A/CarbonCore
0x00007fff378a6000 	/System/Library/Frameworks/CoreServices.framework/Versions/A/Frameworks/Metadata.framework/Versions/A/Metadata
0x00007fff37957000 	/System/Library/Frameworks/CoreServices.framework/Versions/A/Frameworks/OSServices.framework/Versions/A/OSServices
0x00007fff379b8000 	/System/Library/Frameworks/CoreServices.framework/Versions/A/Frameworks/SearchKit.framework/Versions/A/SearchKit
0x00007fff3735c000 	/System/Library/Frameworks/CoreServices.framework/Versions/A/Frameworks/AE.framework/Versions/A/AE
0x00007fff376e7000 	/System/Library/Frameworks/CoreServices.framework/Versions/A/Frameworks/LaunchServices.framework/Versions/A/LaunchServices
0x00007fff376a9000 	/System/Library/Frameworks/CoreServices.framework/Versions/A/Frameworks/DictionaryServices.framework/Versions/A/DictionaryServices
0x00007fff37a27000 	/System/Library/Frameworks/CoreServices.framework/Versions/A/Frameworks/SharedFileList.framework/Versions/A/SharedFileList
0x00007fff3bbff000 	/System/Library/Frameworks/NetFS.framework/Versions/A/NetFS
0x00007fff51f20000 	/System/Library/PrivateFrameworks/NetAuth.framework/Versions/A/NetAuth
0x00007fff5b835000 	/System/Library/PrivateFrameworks/login.framework/Versions/A/Frameworks/loginsupport.framework/Versions/A/loginsupport
0x00007fff59b86000 	/System/Library/PrivateFrameworks/TCC.framework/Versions/A/TCC
0x00007fff5d011000 	/usr/lib/libmecabra.dylib
0x00007fff34646000 	/System/Library/Frameworks/ApplicationServices.framework/Versions/A/Frameworks/ATS.framework/Versions/A/ATS
0x00007fff349f5000 	/System/Library/Frameworks/ApplicationServices.framework/Versions/A/Frameworks/ColorSyncLegacy.framework/Versions/A/ColorSyncLegacy
0x00007fff34a99000 	/System/Library/Frameworks/ApplicationServices.framework/Versions/A/Frameworks/HIServices.framework/Versions/A/HIServices
0x00007fff34aec000 	/System/Library/Frameworks/ApplicationServices.framework/Versions/A/Frameworks/LangAnalysis.framework/Versions/A/LangAnalysis
0x00007fff34afb000 	/System/Library/Frameworks/ApplicationServices.framework/Versions/A/Frameworks/PrintCore.framework/Versions/A/PrintCore
0x00007fff34b48000 	/System/Library/Frameworks/ApplicationServices.framework/Versions/A/Frameworks/QD.framework/Versions/A/QD
0x00007fff34b83000 	/System/Library/Frameworks/ApplicationServices.framework/Versions/A/Frameworks/SpeechSynthesis.framework/Versions/A/SpeechSynthesis
0x00007fff360e4000 	/System/Library/Frameworks/CoreDisplay.framework/Versions/A/CoreDisplay
0x00007fff324c0000 	/System/Library/Frameworks/Accelerate.framework/Versions/A/Frameworks/vImage.framework/Versions/A/vImage
0x00007fff334a1000 	/System/Library/Frameworks/Accelerate.framework/Versions/A/Frameworks/vecLib.framework/Versions/A/vecLib
0x00007fff33276000 	/System/Library/Frameworks/Accelerate.framework/Versions/A/Frameworks/vecLib.framework/Versions/A/libvDSP.dylib
0x00007fff32db0000 	/System/Library/Frameworks/Accelerate.framework/Versions/A/Frameworks/vecLib.framework/Versions/A/libBNNS.dylib
0x00007fff331dc000 	/System/Library/Frameworks/Accelerate.framework/Versions/A/Frameworks/vecLib.framework/Versions/A/libQuadrature.dylib
0x00007fff333ea000 	/System/Library/Frameworks/Accelerate.framework/Versions/A/Frameworks/vecLib.framework/Versions/A/libvMisc.dylib
0x00007fff32deb000 	/System/Library/Frameworks/Accelerate.framework/Versions/A/Frameworks/vecLib.framework/Versions/A/libLAPACK.dylib
0x00007fff32c0f000 	/System/Library/Frameworks/Accelerate.framework/Versions/A/Frameworks/vecLib.framework/Versions/A/libBLAS.dylib
0x00007fff331c5000 	/System/Library/Frameworks/Accelerate.framework/Versions/A/Frameworks/vecLib.framework/Versions/A/libLinearAlgebra.dylib
0x00007fff331e2000 	/System/Library/Frameworks/Accelerate.framework/Versions/A/Frameworks/vecLib.framework/Versions/A/libSparse.dylib
0x00007fff33263000 	/System/Library/Frameworks/Accelerate.framework/Versions/A/Frameworks/vecLib.framework/Versions/A/libSparseBLAS.dylib
0x00007fff4ed5a000 	/System/Library/PrivateFrameworks/GPUWrangler.framework/Versions/A/GPUWrangler
0x00007fff504ee000 	/System/Library/PrivateFrameworks/IOAccelerator.framework/Versions/A/IOAccelerator
0x00007fff504f9000 	/System/Library/PrivateFrameworks/IOPresentment.framework/Versions/A/IOPresentment
0x00007fff4a595000 	/System/Library/PrivateFrameworks/DSExternalDisplay.framework/Versions/A/DSExternalDisplay
0x00007fff3fc02000 	/System/Library/Frameworks/OpenGL.framework/Versions/A/Libraries/libCoreFSCache.dylib
0x00007fff37e3d000 	/System/Library/Frameworks/CoreVideo.framework/Versions/A/CoreVideo
0x00007fff4fad5000 	/System/Library/PrivateFrameworks/GraphVisualizer.framework/Versions/A/GraphVisualizer
0x00007fff3ac00000 	/System/Library/Frameworks/MetalPerformanceShaders.framework/Versions/A/MetalPerformanceShaders
0x00007fff5bb9a000 	/usr/lib/libFosl_dynamic.dylib
0x00007fff4b664000 	/System/Library/PrivateFrameworks/FaceCore.framework/Versions/A/FaceCore
0x00007fff3e9fd000 	/System/Library/Frameworks/OpenCL.framework/Versions/A/OpenCL
0x00007fff5c21e000 	/usr/lib/libcompression.dylib
0x00007fff34745000 	/System/Library/Frameworks/ApplicationServices.framework/Versions/A/Frameworks/ATS.framework/Versions/A/Resources/libFontParser.dylib
0x00007fff34868000 	/System/Library/Frameworks/ApplicationServices.framework/Versions/A/Frameworks/ATS.framework/Versions/A/Resources/libFontRegistry.dylib
0x00007fff38d89000 	/System/Library/Frameworks/ImageIO.framework/Versions/A/Resources/libJPEG.dylib
0x00007fff390c7000 	/System/Library/Frameworks/ImageIO.framework/Versions/A/Resources/libTIFF.dylib
0x00007fff3909d000 	/System/Library/Frameworks/ImageIO.framework/Versions/A/Resources/libPng.dylib
0x00007fff38c9c000 	/System/Library/Frameworks/ImageIO.framework/Versions/A/Resources/libGIF.dylib
0x00007fff38ca1000 	/System/Library/Frameworks/ImageIO.framework/Versions/A/Resources/libJP2.dylib
0x00007fff390c4000 	/System/Library/Frameworks/ImageIO.framework/Versions/A/Resources/libRadiance.dylib
0x00007fff465a7000 	/System/Library/PrivateFrameworks/AppleJPEG.framework/Versions/A/AppleJPEG
0x00007fff3aa67000 	/System/Library/Frameworks/MetalPerformanceShaders.framework/Frameworks/MPSCore.framework/Versions/A/MPSCore
0x00007fff3aa83000 	/System/Library/Frameworks/MetalPerformanceShaders.framework/Frameworks/MPSImage.framework/Versions/A/MPSImage
0x00007fff3ab18000 	/System/Library/Frameworks/MetalPerformanceShaders.framework/Frameworks/MPSNeuralNetwork.framework/Versions/A/MPSNeuralNetwork
0x00007fff3aaf3000 	/System/Library/Frameworks/MetalPerformanceShaders.framework/Frameworks/MPSMatrix.framework/Versions/A/MPSMatrix
0x00007fff519f1000 	/System/Library/PrivateFrameworks/MetalTools.framework/Versions/A/MetalTools
0x00007fff3fdcd000 	/System/Library/Frameworks/OpenGL.framework/Versions/A/Libraries/libGLU.dylib
0x00007fff3fc0d000 	/System/Library/Frameworks/OpenGL.framework/Versions/A/Libraries/libGFXShared.dylib
0x00007fff3fc17000 	/System/Library/Frameworks/OpenGL.framework/Versions/A/Libraries/libGL.dylib
0x00007fff3fc23000 	/System/Library/Frameworks/OpenGL.framework/Versions/A/Libraries/libGLImage.dylib
0x00007fff3fbff000 	/System/Library/Frameworks/OpenGL.framework/Versions/A/Libraries/libCVMSPluginSupport.dylib
0x00007fff3fc08000 	/System/Library/Frameworks/OpenGL.framework/Versions/A/Libraries/libCoreVMClient.dylib
0x00007fff5c9cb000 	/usr/lib/libcups.2.dylib
0x00007fff39fce000 	/System/Library/Frameworks/Kerberos.framework/Versions/A/Kerberos
0x00007fff3877c000 	/System/Library/Frameworks/GSS.framework/Versions/A/GSS
0x00007fff5dad5000 	/usr/lib/libresolv.9.dylib
0x00007fff5cbc8000 	/usr/lib/libiconv.2.dylib
0x00007fff4fb67000 	/System/Library/PrivateFrameworks/Heimdal.framework/Versions/A/Heimdal
0x00007fff5cb97000 	/usr/lib/libheimdal-asn1.dylib
0x00007fff3ea75000 	/System/Library/Frameworks/OpenDirectory.framework/Versions/A/OpenDirectory
0x00007fff488c0000 	/System/Library/PrivateFrameworks/CommonAuth.framework/Versions/A/CommonAuth
0x00007fff3ea58000 	/System/Library/Frameworks/OpenDirectory.framework/Versions/A/Frameworks/CFOpenDirectory.framework/Versions/A/CFOpenDirectory
0x00007fff42396000 	/System/Library/Frameworks/SecurityFoundation.framework/Versions/A/SecurityFoundation
0x00007fff4576a000 	/System/Library/PrivateFrameworks/APFS.framework/Versions/A/APFS
0x00007fff5df04000 	/usr/lib/libutil.dylib
0x00007fff4662a000 	/System/Library/PrivateFrameworks/AppleSauce.framework/Versions/A/AppleSauce
0x00007fff50cd6000 	/System/Library/PrivateFrameworks/LinguisticData.framework/Versions/A/LinguisticData
0x00007fff5cf4a000 	/usr/lib/libmarisa.dylib
0x00007fff50c90000 	/System/Library/PrivateFrameworks/Lexicon.framework/Versions/A/Lexicon
0x00007fff5bac5000 	/usr/lib/libChineseTokenizer.dylib
0x00007fff5c20d000 	/usr/lib/libcmph.dylib
0x00007fff50b9a000 	/System/Library/PrivateFrameworks/LanguageModeling.framework/Versions/A/LanguageModeling
0x00007fff493dd000 	/System/Library/PrivateFrameworks/CoreEmoji.framework/Versions/A/CoreEmoji
0x00007fff42454000 	/System/Library/Frameworks/ServiceManagement.framework/Versions/A/ServiceManagement
0x00007fff46e75000 	/System/Library/PrivateFrameworks/BackgroundTaskManagement.framework/Versions/A/BackgroundTaskManagement
0x00007fff5e001000 	/usr/lib/libxslt.1.dylib
0x00007fff3580a000 	/System/Library/Frameworks/Carbon.framework/Versions/A/Frameworks/Ink.framework/Versions/A/Ink
0x00007fff59d9b000 	/System/Library/PrivateFrameworks/TextureIO.framework/Versions/A/TextureIO
0x00007fff5bfaf000 	/usr/lib/libate.dylib
0x00007fff4a4f4000 	/System/Library/PrivateFrameworks/CrashReporterSupport.framework/Versions/A/CrashReporterSupport
0x00007fff570d4000 	/System/Library/PrivateFrameworks/Sharing.framework/Versions/A/Sharing
0x00007fff508db000 	/System/Library/PrivateFrameworks/IconServices.framework/Versions/A/IconServices
0x00007fff46aa5000 	/System/Library/PrivateFrameworks/AuthKit.framework/Versions/A/AuthKit
0x00007fff4642a000 	/System/Library/PrivateFrameworks/Apple80211.framework/Versions/A/Apple80211
0x00007fff4a309000 	/System/Library/PrivateFrameworks/CoreUtils.framework/Versions/A/CoreUtils
0x00007fff37e78000 	/System/Library/Frameworks/CoreWLAN.framework/Versions/A/CoreWLAN
0x00007fff388be000 	/System/Library/Frameworks/IOBluetooth.framework/Versions/A/IOBluetooth
0x00007fff55596000 	/System/Library/PrivateFrameworks/ProtocolBuffer.framework/Versions/A/ProtocolBuffer
0x00007fff51bea000 	/System/Library/PrivateFrameworks/MobileKeyBag.framework/Versions/A/MobileKeyBag
0x00007fff49b81000 	/System/Library/PrivateFrameworks/CorePhoneNumbers.framework/Versions/A/CorePhoneNumbers
0x00007fff46562000 	/System/Library/PrivateFrameworks/AppleIDAuthSupport.framework/Versions/A/AppleIDAuthSupport
0x00007fff50b86000 	/System/Library/PrivateFrameworks/KeychainCircle.framework/Versions/A/KeychainCircle
0x00007fff4a48f000 	/System/Library/PrivateFrameworks/CoreWiFi.framework/Versions/A/CoreWiFi
0x00007fff35d55000 	/System/Library/Frameworks/CoreBluetooth.framework/Versions/A/CoreBluetooth
0x00007fff4a6df000 	/System/Library/PrivateFrameworks/DebugSymbols.framework/Versions/A/DebugSymbols
0x00007fff4a0bf000 	/System/Library/PrivateFrameworks/CoreSymbolication.framework/Versions/A/CoreSymbolication
0x00007fff5958c000 	/System/Library/PrivateFrameworks/Symbolication.framework/Versions/A/Symbolication
0x00007fff46454000 	/System/Library/PrivateFrameworks/AppleFSCompression.framework/Versions/A/AppleFSCompression
0x00007fff589d9000 	/System/Library/PrivateFrameworks/SpeechRecognitionCore.framework/Versions/A/SpeechRecognitionCore
0x0000000107000000 	/Users/raimundobotelho/.vscode/extensions/redhat.java-1.18.0-darwin-x64/jre/17.0.7-macosx-x86_64/lib/server/libjvm.dylib
0x000000010670c000 	/Users/raimundobotelho/.vscode/extensions/redhat.java-1.18.0-darwin-x64/jre/17.0.7-macosx-x86_64/lib/libjimage.dylib
0x000000010671a000 	/Users/raimundobotelho/.vscode/extensions/redhat.java-1.18.0-darwin-x64/jre/17.0.7-macosx-x86_64/lib/libinstrument.dylib
0x000000010672a000 	/Users/raimundobotelho/.vscode/extensions/redhat.java-1.18.0-darwin-x64/jre/17.0.7-macosx-x86_64/lib/./libjava.dylib
0x000000010d710000 	/Users/raimundobotelho/.vscode/extensions/redhat.java-1.18.0-darwin-x64/jre/17.0.7-macosx-x86_64/lib/./libzip.dylib
0x000000010dfa2000 	/Users/raimundobotelho/.vscode/extensions/redhat.java-1.18.0-darwin-x64/jre/17.0.7-macosx-x86_64/lib/libnio.dylib
0x000000010dfb7000 	/Users/raimundobotelho/.vscode/extensions/redhat.java-1.18.0-darwin-x64/jre/17.0.7-macosx-x86_64/lib/./libnet.dylib
0x000000010dfd1000 	/Users/raimundobotelho/.vscode/extensions/redhat.java-1.18.0-darwin-x64/jre/17.0.7-macosx-x86_64/lib/libverify.dylib
0x000000010dfe3000 	/Users/raimundobotelho/Library/Application Support/Code/User/globalStorage/redhat.java/1.18.0/config_mac/org.eclipse.equinox.launcher/org.eclipse.equinox.launcher.cocoa.macosx.x86_64_1.2.700.v20221108-1024/eclipse_11801.so
0x00007fff49d14000 	/System/Library/PrivateFrameworks/CoreServicesInternal.framework/Versions/A/CoreServicesInternal


VM Arguments:
jvm_args: --add-modules=ALL-SYSTEM --add-opens=java.base/java.util=ALL-UNNAMED --add-opens=java.base/java.lang=ALL-UNNAMED --add-opens=java.base/sun.nio.fs=ALL-UNNAMED -Declipse.application=org.eclipse.jdt.ls.core.id1 -Dosgi.bundles.defaultStartLevel=4 -Declipse.product=org.eclipse.jdt.ls.core.product -Djava.import.generatesMetadataFilesAtProjectRoot=false -Dfile.encoding=utf8 -XX:+UseParallelGC -XX:GCTimeRatio=4 -XX:AdaptiveSizePolicyWeight=90 -Dsun.zip.disableMemoryMapping=true -Xmx1G -Xms100m -Xlog:disable -javaagent:/Users/raimundobotelho/.vscode/extensions/redhat.java-1.18.0-darwin-x64/lombok/lombok-1.18.27.jar -XX:+HeapDumpOnOutOfMemoryError -XX:HeapDumpPath=/Users/raimundobotelho/Library/Application Support/Code/User/workspaceStorage/b8865dfd7fa0c66fd136eea970457973/redhat.java -Daether.dependencyCollector.impl=bf 
java_command: /Users/raimundobotelho/.vscode/extensions/redhat.java-1.18.0-darwin-x64/server/plugins/org.eclipse.equinox.launcher_1.6.400.v20210924-0641.jar -configuration /Users/raimundobotelho/Library/Application Support/Code/User/globalStorage/redhat.java/1.18.0/config_mac -data /Users/raimundobotelho/Library/Application Support/Code/User/workspaceStorage/b8865dfd7fa0c66fd136eea970457973/redhat.java/jdt_ws
java_class_path (initial): /Users/raimundobotelho/.vscode/extensions/redhat.java-1.18.0-darwin-x64/server/plugins/org.eclipse.equinox.launcher_1.6.400.v20210924-0641.jar
Launcher Type: SUN_STANDARD

[Global flags]
    uintx AdaptiveSizePolicyWeight                 = 90                                        {product} {command line}
     intx CICompilerCount                          = 3                                         {product} {ergonomic}
    uintx GCTimeRatio                              = 4                                         {product} {command line}
     bool HeapDumpOnOutOfMemoryError               = true                                   {manageable} {command line}
    ccstr HeapDumpPath                             = /Users/raimundobotelho/Library/Application Support/Code/User/workspaceStorage/b8865dfd7fa0c66fd136eea970457973/redhat.java         {manageable} {command line}
   size_t InitialHeapSize                          = 104857600                                 {product} {command line}
   size_t MaxHeapSize                              = 1073741824                                {product} {command line}
   size_t MaxNewSize                               = 357564416                                 {product} {ergonomic}
   size_t MinHeapDeltaBytes                        = 524288                                    {product} {ergonomic}
   size_t MinHeapSize                              = 104857600                                 {product} {command line}
   size_t NewSize                                  = 34603008                                  {product} {ergonomic}
    uintx NonNMethodCodeHeapSize                   = 5832780                                {pd product} {ergonomic}
    uintx NonProfiledCodeHeapSize                  = 122912730                              {pd product} {ergonomic}
   size_t OldSize                                  = 70254592                                  {product} {ergonomic}
    uintx ProfiledCodeHeapSize                     = 122912730                              {pd product} {ergonomic}
    uintx ReservedCodeCacheSize                    = 251658240                              {pd product} {ergonomic}
     bool SegmentedCodeCache                       = true                                      {product} {ergonomic}
   size_t SoftMaxHeapSize                          = 1073741824                             {manageable} {ergonomic}
     bool UseCompressedClassPointers               = true                           {product lp64_product} {ergonomic}
     bool UseCompressedOops                        = true                           {product lp64_product} {ergonomic}
     bool UseNUMA                                  = false                                     {product} {ergonomic}
     bool UseNUMAInterleaving                      = false                                     {product} {ergonomic}
     bool UseParallelGC                            = true                                      {product} {command line}

Logging:
Log output configuration:
 #0: stdout all=off uptime,level,tags
 #1: stderr all=off uptime,level,tags

Environment Variables:
PATH=/Users/raimundobotelho/opt/anaconda3/bin:/Users/raimundobotelho/opt/anaconda3/condabin:/Library/Frameworks/Python.framework/Versions/3.10/bin:/usr/bin:/bin:/usr/sbin:/sbin:/usr/local/bin
SHELL=/bin/bash
TERM=xterm-256color
TMPDIR=/var/folders/x1/27v8jsmx5hq9vldfc8n437k40000gn/T/

Active Locale:
LC_ALL=C
LC_COLLATE=C
LC_CTYPE=C
LC_MESSAGES=C
LC_MONETARY=C
LC_NUMERIC=C
LC_TIME=C

Signal Handlers:
   SIGSEGV: crash_handler in libjvm.dylib, mask=11100110000111110111111111111111, flags=SA_RESTART|SA_SIGINFO, unblocked
    SIGBUS: crash_handler in libjvm.dylib, mask=11100110000111110111111111111111, flags=SA_RESTART|SA_SIGINFO, unblocked
    SIGFPE: crash_handler in libjvm.dylib, mask=11100110000111110111111111111111, flags=SA_RESTART|SA_SIGINFO, unblocked
   SIGPIPE: javaSignalHandler in libjvm.dylib, mask=11100110000111110111111111111111, flags=SA_RESTART|SA_SIGINFO, blocked
   SIGXFSZ: javaSignalHandler in libjvm.dylib, mask=11100110000111110111111111111111, flags=SA_RESTART|SA_SIGINFO, blocked
    SIGILL: crash_handler in libjvm.dylib, mask=11100110000111110111111111111111, flags=SA_RESTART|SA_SIGINFO, unblocked
   SIGUSR2: SR_handler in libjvm.dylib, mask=00000000000000000000000000000000, flags=SA_RESTART|SA_SIGINFO, blocked
    SIGHUP: UserHandler in libjvm.dylib, mask=11100110000111110111111111111111, flags=SA_RESTART|SA_SIGINFO, blocked
    SIGINT: UserHandler in libjvm.dylib, mask=11100110000111110111111111111111, flags=SA_RESTART|SA_SIGINFO, blocked
   SIGTERM: UserHandler in libjvm.dylib, mask=11100110000111110111111111111111, flags=SA_RESTART|SA_SIGINFO, blocked
   SIGQUIT: UserHandler in libjvm.dylib, mask=11100110000111110111111111111111, flags=SA_RESTART|SA_SIGINFO, blocked
   SIGTRAP: crash_handler in libjvm.dylib, mask=11100110000111110111111111111111, flags=SA_RESTART|SA_SIGINFO, unblocked


---------------  S Y S T E M  ---------------

OS:
uname: Darwin 17.7.0 Darwin Kernel Version 17.7.0: Fri Oct 30 13:34:27 PDT 2020; root:xnu-4570.71.82.8~1/RELEASE_X86_64 x86_64
OS uptime: 0 days 0:09 hours
rlimit (soft/hard): STACK 8192k/65532k , CORE 0k/infinity , NPROC 1418/2128 , NOFILE 10240/infinity , AS infinity/infinity , CPU infinity/infinity , DATA infinity/infinity , FSIZE infinity/infinity , MEMLOCK infinity/infinity , RSS infinity/infinity
load average: 12.32 13.64 11.11

CPU: total 4 (initial active 4) (2 cores per cpu, 2 threads per core) family 6 model 42 stepping 7 microcode 0x2f, cx8, cmov, fxsr, ht, mmx, sse, sse2, sse3, ssse3, sse4.1, sse4.2, popcnt, tsc, tscinvbit, avx, aes, clmul, vzeroupper, clflush

Memory: 4k page, physical 16777216k(1077664k free), swap 0k(0k free)

vm_info: OpenJDK 64-Bit Server VM (17.0.7+7) for bsd-amd64 JRE (17.0.7+7), built on Apr 18 2023 21:54:37 by "temurin" with clang 4.2.1 Compatible Apple LLVM 10.0.1 (clang-1001.0.46.4)

END.
